Electrostatic potential parameters

Grid information (see 1_default_grid.dat in Angstrom)
    Number of grid points:            1089

Quantum electrostatic potential (see 1_default_grid_esp.dat)

Constraints
    Charge constraints
        Total charge of   0.07053651 on the set   2
        Total charge of   0.08505989 on the set   3
        Total charge of  -0.47140675 on the set   4
        Total charge of   0.12577592 on the set   5
        Total charge of  -0.10083355 on the set   6
        Total charge of   0.36409364 on the set   7
        Total charge of  -0.49600889 on the set   8
        Total charge of  -0.04595343 on the set   9
        Total charge of   0.36252457 on the set  10
        Total charge of  -0.52858775 on the set  11
        Total charge of   0.02500895 on the set  12
        Total charge of   0.17305130 on the set  18
    Equality constraints
        Equal charges on atoms
                                 15  16  17
                                 19  20  21
                                 22  23  24

Restraint
    Hyperbolic restraint to a charge of zero
    Hydrogen atoms are not restrained
    resp_a:                           0.0010
    resp_b:                           0.1000

Fit

Electrostatic Potential Charges
   Center  Symbol       ESP      RESP
      1    C      -0.23874201 -0.20126175
      2    N       0.07053651  0.07053651
      3    C       0.08505989  0.08505989
      4    N      -0.47140675 -0.47140675
      5    C       0.12577592  0.12577592
      6    C      -0.10083355 -0.10083355
      7    C       0.36409364  0.36409364
      8    O      -0.49600889 -0.49600889
      9    N      -0.04595343 -0.04595343
     10    C       0.36252457  0.36252457
     11    O      -0.52858775 -0.52858775
     12    N       0.02500895  0.02500895
     13    C       0.03219220  0.00605373
     14    C      -0.04516968 -0.03375553
     15    H       0.12211278  0.11036599
     16    H       0.12211278  0.11036599
     17    H       0.12211278  0.11036599
     18    H       0.17305130  0.17305130
     19    H       0.04252298  0.05004310
     20    H       0.04252298  0.05004310
     21    H       0.04252298  0.05004310
     22    H       0.06485061  0.06149195
     23    H       0.06485061  0.06149195
     24    H       0.06485061  0.06149195
Total Charge:     -0.00000000 -0.00000000
