                      :-) GROMACS - gmx mdrun, 2020.4 (-:

                            GROMACS is written by:
     Emile Apol      Rossen Apostolov      Paul Bauer     Herman J.C. Berendsen
    Par Bjelkmar      Christian Blau   Viacheslav Bolnykh     Kevin Boyd    
 Aldert van Buuren   Rudi van Drunen     Anton Feenstra       Alan Gray     
  Gerrit Groenhof     Anca Hamuraru    Vincent Hindriksen  M. Eric Irrgang  
  Aleksei Iupinov   Christoph Junghans     Joe Jordan     Dimitrios Karkoulis
    Peter Kasson        Jiri Kraus      Carsten Kutzner      Per Larsson    
  Justin A. Lemkul    Viveca Lindahl    Magnus Lundborg     Erik Marklund   
    Pascal Merz     Pieter Meulenhoff    Teemu Murtola       Szilard Pall   
    Sander Pronk      Roland Schulz      Michael Shirts    Alexey Shvetsov  
   Alfons Sijbers     Peter Tieleman      Jon Vincent      Teemu Virolainen 
 Christian Wennberg    Maarten Wolf      Artem Zhmurov   
                           and the project leaders:
        Mark Abraham, Berk Hess, Erik Lindahl, and David van der Spoel

Copyright (c) 1991-2000, University of Groningen, The Netherlands.
Copyright (c) 2001-2019, The GROMACS development team at
Uppsala University, Stockholm University and
the Royal Institute of Technology, Sweden.
check out http://www.gromacs.org for more information.

GROMACS is free software; you can redistribute it and/or modify it
under the terms of the GNU Lesser General Public License
as published by the Free Software Foundation; either version 2.1
of the License, or (at your option) any later version.

GROMACS:      gmx mdrun, version 2020.4
Executable:   /share/apps/gromacs/2020.4/openmpi/intel/bin/gmx_mpi
Data prefix:  /share/apps/gromacs/2020.4/openmpi/intel
Working dir:  /home/hv454/Downloads
Process ID:   3423956
Command line:
  gmx_mpi mdrun -v -deffnm md_0_1

GROMACS version:    2020.4
Verified release checksum is 79c2857291b034542c26e90512b92fd4b184a1c9d6fa59c55f2e24ccf14e7281
Precision:          single
Memory model:       64 bit
MPI library:        MPI
OpenMP support:     disabled
GPU support:        disabled
SIMD instructions:  AVX_512
FFT library:        Intel MKL
RDTSCP usage:       enabled
TNG support:        enabled
Hwloc support:      disabled
Tracing support:    disabled
C compiler:         /share/apps/openmpi/4.0.5/intel/bin/mpicc Intel 19.1.2.20200623
C compiler flags:   -xCORE-AVX512 -qopt-zmm-usage=high -mkl=sequential -wd3180 -std=gnu99 -ip -funroll-all-loops -alias-const -ansi-alias -no-prec-div -fimf-domain-exclusion=14 -qoverride-limits -O3 -DNDEBUG
C++ compiler:       /share/apps/openmpi/4.0.5/intel/bin/mpicxx Intel 19.1.2.20200623
C++ compiler flags: -xCORE-AVX512 -qopt-zmm-usage=high -mkl=sequential -wd3180 -ip -funroll-all-loops -alias-const -ansi-alias -no-prec-div -fimf-domain-exclusion=14 -qoverride-limits -O3 -DNDEBUG


Running on 1 node with total 48 cores, 48 logical cores
Hardware detected on host gr063.hpc.nyu.edu (the node of MPI rank 0):
  CPU info:
    Vendor: Intel
    Brand:  Intel(R) Xeon(R) Platinum 8268 CPU @ 2.90GHz
    Family: 6   Model: 85   Stepping: 7
    Features: aes apic avx avx2 avx512f avx512cd avx512bw avx512vl clfsh cmov cx8 cx16 f16c fma htt intel lahf mmx msr nonstop_tsc pcid pclmuldq pdcm pdpe1gb popcnt pse rdrnd rdtscp sse2 sse3 sse4.1 sse4.2 ssse3 tdt x2apic
    Number of AVX-512 FMA units: 2
  Hardware topology: Only logical processor count


++++ PLEASE READ AND CITE THE FOLLOWING REFERENCE ++++
M. J. Abraham, T. Murtola, R. Schulz, S. Páll, J. C. Smith, B. Hess, E.
Lindahl
GROMACS: High performance molecular simulations through multi-level
parallelism from laptops to supercomputers
SoftwareX 1 (2015) pp. 19-25
-------- -------- --- Thank You --- -------- --------


++++ PLEASE READ AND CITE THE FOLLOWING REFERENCE ++++
S. Páll, M. J. Abraham, C. Kutzner, B. Hess, E. Lindahl
Tackling Exascale Software Challenges in Molecular Dynamics Simulations with
GROMACS
In S. Markidis & E. Laure (Eds.), Solving Software Challenges for Exascale 8759 (2015) pp. 3-27
-------- -------- --- Thank You --- -------- --------


++++ PLEASE READ AND CITE THE FOLLOWING REFERENCE ++++
S. Pronk, S. Páll, R. Schulz, P. Larsson, P. Bjelkmar, R. Apostolov, M. R.
Shirts, J. C. Smith, P. M. Kasson, D. van der Spoel, B. Hess, and E. Lindahl
GROMACS 4.5: a high-throughput and highly parallel open source molecular
simulation toolkit
Bioinformatics 29 (2013) pp. 845-54
-------- -------- --- Thank You --- -------- --------


++++ PLEASE READ AND CITE THE FOLLOWING REFERENCE ++++
B. Hess and C. Kutzner and D. van der Spoel and E. Lindahl
GROMACS 4: Algorithms for highly efficient, load-balanced, and scalable
molecular simulation
J. Chem. Theory Comput. 4 (2008) pp. 435-447
-------- -------- --- Thank You --- -------- --------


++++ PLEASE READ AND CITE THE FOLLOWING REFERENCE ++++
D. van der Spoel, E. Lindahl, B. Hess, G. Groenhof, A. E. Mark and H. J. C.
Berendsen
GROMACS: Fast, Flexible and Free
J. Comp. Chem. 26 (2005) pp. 1701-1719
-------- -------- --- Thank You --- -------- --------


++++ PLEASE READ AND CITE THE FOLLOWING REFERENCE ++++
E. Lindahl and B. Hess and D. van der Spoel
GROMACS 3.0: A package for molecular simulation and trajectory analysis
J. Mol. Mod. 7 (2001) pp. 306-317
-------- -------- --- Thank You --- -------- --------


++++ PLEASE READ AND CITE THE FOLLOWING REFERENCE ++++
H. J. C. Berendsen, D. van der Spoel and R. van Drunen
GROMACS: A message-passing parallel molecular dynamics implementation
Comp. Phys. Comm. 91 (1995) pp. 43-56
-------- -------- --- Thank You --- -------- --------


++++ PLEASE CITE THE DOI FOR THIS VERSION OF GROMACS ++++
https://doi.org/10.5281/zenodo.4054979
-------- -------- --- Thank You --- -------- --------

Input Parameters:
   integrator                     = md
   tinit                          = 0
   dt                             = 0.002
   nsteps                         = 500000
   init-step                      = 0
   simulation-part                = 1
   comm-mode                      = Linear
   nstcomm                        = 100
   bd-fric                        = 0
   ld-seed                        = -1303945606
   emtol                          = 10
   emstep                         = 0.01
   niter                          = 20
   fcstep                         = 0
   nstcgsteep                     = 1000
   nbfgscorr                      = 10
   rtpi                           = 0.05
   nstxout                        = 0
   nstvout                        = 0
   nstfout                        = 0
   nstlog                         = 5000
   nstcalcenergy                  = 100
   nstenergy                      = 5000
   nstxout-compressed             = 5000
   compressed-x-precision         = 1000
   cutoff-scheme                  = Verlet
   nstlist                        = 10
   pbc                            = xyz
   periodic-molecules             = false
   verlet-buffer-tolerance        = 0.005
   rlist                          = 1
   coulombtype                    = PME
   coulomb-modifier               = Potential-shift
   rcoulomb-switch                = 0
   rcoulomb                       = 1
   epsilon-r                      = 1
   epsilon-rf                     = inf
   vdw-type                       = Cut-off
   vdw-modifier                   = Potential-shift
   rvdw-switch                    = 0
   rvdw                           = 1
   DispCorr                       = EnerPres
   table-extension                = 1
   fourierspacing                 = 0.16
   fourier-nx                     = 44
   fourier-ny                     = 44
   fourier-nz                     = 44
   pme-order                      = 4
   ewald-rtol                     = 1e-05
   ewald-rtol-lj                  = 0.001
   lj-pme-comb-rule               = Geometric
   ewald-geometry                 = 0
   epsilon-surface                = 0
   tcoupl                         = V-rescale
   nsttcouple                     = 10
   nh-chain-length                = 0
   print-nose-hoover-chain-variables = false
   pcoupl                         = Parrinello-Rahman
   pcoupltype                     = Isotropic
   nstpcouple                     = 10
   tau-p                          = 2
   compressibility (3x3):
      compressibility[    0]={ 4.50000e-05,  0.00000e+00,  0.00000e+00}
      compressibility[    1]={ 0.00000e+00,  4.50000e-05,  0.00000e+00}
      compressibility[    2]={ 0.00000e+00,  0.00000e+00,  4.50000e-05}
   ref-p (3x3):
      ref-p[    0]={ 1.00000e+00,  0.00000e+00,  0.00000e+00}
      ref-p[    1]={ 0.00000e+00,  1.00000e+00,  0.00000e+00}
      ref-p[    2]={ 0.00000e+00,  0.00000e+00,  1.00000e+00}
   refcoord-scaling               = No
   posres-com (3):
      posres-com[0]= 0.00000e+00
      posres-com[1]= 0.00000e+00
      posres-com[2]= 0.00000e+00
   posres-comB (3):
      posres-comB[0]= 0.00000e+00
      posres-comB[1]= 0.00000e+00
      posres-comB[2]= 0.00000e+00
   QMMM                           = false
   QMconstraints                  = 0
   QMMMscheme                     = 0
   MMChargeScaleFactor            = 1
qm-opts:
   ngQM                           = 0
   constraint-algorithm           = Lincs
   continuation                   = true
   Shake-SOR                      = false
   shake-tol                      = 0.0001
   lincs-order                    = 4
   lincs-iter                     = 1
   lincs-warnangle                = 30
   nwall                          = 0
   wall-type                      = 9-3
   wall-r-linpot                  = -1
   wall-atomtype[0]               = -1
   wall-atomtype[1]               = -1
   wall-density[0]                = 0
   wall-density[1]                = 0
   wall-ewald-zfac                = 3
   pull                           = false
   awh                            = false
   rotation                       = false
   interactiveMD                  = false
   disre                          = No
   disre-weighting                = Conservative
   disre-mixed                    = false
   dr-fc                          = 1000
   dr-tau                         = 0
   nstdisreout                    = 100
   orire-fc                       = 0
   orire-tau                      = 0
   nstorireout                    = 100
   free-energy                    = no
   cos-acceleration               = 0
   deform (3x3):
      deform[    0]={ 0.00000e+00,  0.00000e+00,  0.00000e+00}
      deform[    1]={ 0.00000e+00,  0.00000e+00,  0.00000e+00}
      deform[    2]={ 0.00000e+00,  0.00000e+00,  0.00000e+00}
   simulated-tempering            = false
   swapcoords                     = no
   userint1                       = 0
   userint2                       = 0
   userint3                       = 0
   userint4                       = 0
   userreal1                      = 0
   userreal2                      = 0
   userreal3                      = 0
   userreal4                      = 0
   applied-forces:
     electric-field:
       x:
         E0                       = 0
         omega                    = 0
         t0                       = 0
         sigma                    = 0
       y:
         E0                       = 0
         omega                    = 0
         t0                       = 0
         sigma                    = 0
       z:
         E0                       = 0
         omega                    = 0
         t0                       = 0
         sigma                    = 0
     density-guided-simulation:
       active                     = false
       group                      = protein
       similarity-measure         = inner-product
       atom-spreading-weight      = unity
       force-constant             = 1e+09
       gaussian-transform-spreading-width = 0.2
       gaussian-transform-spreading-range-in-multiples-of-width = 4
       reference-density-filename = reference.mrc
       nst                        = 1
       normalize-densities        = true
       adaptive-force-scaling     = false
       adaptive-force-scaling-time-constant = 4
grpopts:
   nrdf:     4920.79     63837.2
   ref-t:         300         300
   tau-t:         0.1         0.1
annealing:          No          No
annealing-npoints:           0           0
   acc:	           0           0           0
   nfreeze:           N           N           N
   energygrp-flags[  0]: 0

Changing nstlist from 10 to 50, rlist from 1 to 1.116


Initializing Domain Decomposition on 12 ranks
Dynamic load balancing: auto
Using update groups, nr 11645, average size 2.9 atoms, max. radius 0.103 nm
Minimum cell size due to atom displacement: 0.398 nm
Initial maximum distances in bonded interactions:
    two-body bonded interactions: 0.459 nm, LJ-14, atoms 1156 1405
  multi-body bonded interactions: 0.459 nm, Ryckaert-Bell., atoms 1156 1405
Minimum cell size due to bonded interactions: 0.504 nm
Scaling the initial minimum size with 1/0.8 (option -dds) = 1.25
Using 0 separate PME ranks, as there are too few total
 ranks for efficient splitting
Optimizing the DD grid for 12 cells with a minimum initial size of 0.630 nm
The maximum allowed number of cells is: X 11 Y 11 Z 11
Domain decomposition grid 4 x 3 x 1, separate PME ranks 0
PME domain decomposition: 4 x 3 x 1
Domain decomposition rank 0, coordinates 0 0 0

The initial number of communication pulses is: X 1 Y 1
The initial domain decomposition cell size is: X 1.74 nm Y 2.32 nm

The maximum allowed distance for atom groups involved in interactions is:
                 non-bonded interactions           1.323 nm
(the following are initial values, they could change due to box deformation)
            two-body bonded interactions  (-rdd)   1.323 nm
          multi-body bonded interactions  (-rdd)   1.323 nm

When dynamic load balancing gets turned on, these settings will change to:
The maximum number of communication pulses is: X 1 Y 1
The minimum size for domain decomposition cells is 1.323 nm
The requested allowed shrink of DD cells (option -dds) is: 0.80
The allowed shrink of domain decomposition cells is: X 0.76 Y 0.57
The maximum allowed distance for atom groups involved in interactions is:
                 non-bonded interactions           1.323 nm
            two-body bonded interactions  (-rdd)   1.323 nm
          multi-body bonded interactions  (-rdd)   1.323 nm

Using 12 MPI processes

Non-default thread affinity set, disabling internal thread affinity
System total charge: -0.000
Will do PME sum in reciprocal space for electrostatic interactions.

++++ PLEASE READ AND CITE THE FOLLOWING REFERENCE ++++
U. Essmann, L. Perera, M. L. Berkowitz, T. Darden, H. Lee and L. G. Pedersen 
A smooth particle mesh Ewald method
J. Chem. Phys. 103 (1995) pp. 8577-8592
-------- -------- --- Thank You --- -------- --------

Using a Gaussian width (1/beta) of 0.320163 nm for Ewald
Potential shift: LJ r^-12: -1.000e+00 r^-6: -1.000e+00, Ewald -1.000e-05
Initialized non-bonded Ewald tables, spacing: 9.33e-04 size: 1073

Generated table with 1058 data points for 1-4 COUL.
Tabscale = 500 points/nm
Generated table with 1058 data points for 1-4 LJ6.
Tabscale = 500 points/nm
Generated table with 1058 data points for 1-4 LJ12.
Tabscale = 500 points/nm

Using SIMD 4x8 nonbonded short-range kernels

Using a dual 4x8 pair-list setup updated with dynamic pruning:
  outer list: updated every 50 steps, buffer 0.116 nm, rlist 1.116 nm
  inner list: updated every 12 steps, buffer 0.003 nm, rlist 1.003 nm
At tolerance 0.005 kJ/mol/ps per atom, equivalent classical 1x1 list would be:
  outer list: updated every 50 steps, buffer 0.245 nm, rlist 1.245 nm
  inner list: updated every 12 steps, buffer 0.047 nm, rlist 1.047 nm

Using geometric Lennard-Jones combination rule

Long Range LJ corr.: <C6> 3.1923e-04


Initializing LINear Constraint Solver

++++ PLEASE READ AND CITE THE FOLLOWING REFERENCE ++++
B. Hess and H. Bekker and H. J. C. Berendsen and J. G. E. M. Fraaije
LINCS: A Linear Constraint Solver for molecular simulations
J. Comp. Chem. 18 (1997) pp. 1463-1472
-------- -------- --- Thank You --- -------- --------

The number of constraints is 959

++++ PLEASE READ AND CITE THE FOLLOWING REFERENCE ++++
S. Miyamoto and P. A. Kollman
SETTLE: An Analytical Version of the SHAKE and RATTLE Algorithms for Rigid
Water Models
J. Comp. Chem. 13 (1992) pp. 952-962
-------- -------- --- Thank You --- -------- --------


Linking all bonded interactions to atoms

Intra-simulation communication will occur every 10 steps.

++++ PLEASE READ AND CITE THE FOLLOWING REFERENCE ++++
G. Bussi, D. Donadio and M. Parrinello
Canonical sampling through velocity rescaling
J. Chem. Phys. 126 (2007) pp. 014101
-------- -------- --- Thank You --- -------- --------

There are: 33876 Atoms
Atom distribution over 12 domains: av 2823 stddev 35 min 2773 max 2893
Center of mass motion removal mode is Linear
We have the following groups for center of mass motion removal:
  0:  rest

Started mdrun on rank 0 Sun Oct  1 14:56:42 2023

           Step           Time
              0        0.00000

   Energies (kJ/mol)
           Bond          Angle    Proper Dih. Ryckaert-Bell.          LJ-14
    1.58003e+03    3.61188e+03    2.54220e+02    1.83017e+03    2.69432e+03
     Coulomb-14        LJ (SR)  Disper. corr.   Coulomb (SR)   Coul. recip.
    7.80182e+03    9.26292e+04   -4.55715e+03   -6.32993e+05    2.90041e+03
      Potential    Kinetic En.   Total Energy  Conserved En.    Temperature
   -5.24248e+05    8.60873e+04   -4.38161e+05   -4.38141e+05    3.01170e+02
 Pres. DC (bar) Pressure (bar)   Constr. rmsd
   -2.25261e+02   -3.86870e+01    3.09655e-06


DD  step 49 load imb.: force 17.5%

step 150 Turning on dynamic load balancing, because the performance loss due to load imbalance is 7.4 %.

DD  step 4999  vol min/aver 0.850  load imb.: force  3.2%
           Step           Time
           5000       10.00000

   Energies (kJ/mol)
           Bond          Angle    Proper Dih. Ryckaert-Bell.          LJ-14
    1.48473e+03    3.75489e+03    2.59720e+02    1.91072e+03    2.60855e+03
     Coulomb-14        LJ (SR)  Disper. corr.   Coulomb (SR)   Coul. recip.
    7.79524e+03    9.33033e+04   -4.55984e+03   -6.35484e+05    2.94907e+03
      Potential    Kinetic En.   Total Energy  Conserved En.    Temperature
   -5.25978e+05    8.54284e+04   -4.40549e+05   -4.38079e+05    2.98865e+02
 Pres. DC (bar) Pressure (bar)   Constr. rmsd
   -2.25527e+02   -2.02659e+02    2.58513e-06


DD  step 9999  vol min/aver 0.856  load imb.: force  2.1%
           Step           Time
          10000       20.00000

   Energies (kJ/mol)
           Bond          Angle    Proper Dih. Ryckaert-Bell.          LJ-14
    1.39660e+03    3.58381e+03    2.61145e+02    1.84918e+03    2.74180e+03
     Coulomb-14        LJ (SR)  Disper. corr.   Coulomb (SR)   Coul. recip.
    7.91713e+03    9.28718e+04   -4.55907e+03   -6.34070e+05    2.94583e+03
      Potential    Kinetic En.   Total Energy  Conserved En.    Temperature
   -5.25061e+05    8.51933e+04   -4.39868e+05   -4.38036e+05    2.98042e+02
 Pres. DC (bar) Pressure (bar)   Constr. rmsd
   -2.25452e+02   -7.70770e+01    2.77163e-06


DD  step 14999  vol min/aver 0.836  load imb.: force  1.6%
           Step           Time
          15000       30.00000

   Energies (kJ/mol)
           Bond          Angle    Proper Dih. Ryckaert-Bell.          LJ-14
    1.52354e+03    3.77628e+03    2.72682e+02    1.87847e+03    2.64592e+03
     Coulomb-14        LJ (SR)  Disper. corr.   Coulomb (SR)   Coul. recip.
    7.77384e+03    9.47113e+04   -4.56970e+03   -6.36660e+05    2.82356e+03
      Potential    Kinetic En.   Total Energy  Conserved En.    Temperature
   -5.25824e+05    8.66458e+04   -4.39179e+05   -4.37977e+05    3.03124e+02
 Pres. DC (bar) Pressure (bar)   Constr. rmsd
   -2.26502e+02    2.33842e+02    3.05269e-06


DD  step 19999  vol min/aver 0.828  load imb.: force  2.0%
           Step           Time
          20000       40.00000

   Energies (kJ/mol)
           Bond          Angle    Proper Dih. Ryckaert-Bell.          LJ-14
    1.41708e+03    3.91390e+03    2.21695e+02    1.66418e+03    2.63217e+03
     Coulomb-14        LJ (SR)  Disper. corr.   Coulomb (SR)   Coul. recip.
    7.81032e+03    9.46522e+04   -4.54694e+03   -6.34989e+05    2.96402e+03
      Potential    Kinetic En.   Total Energy  Conserved En.    Temperature
   -5.24261e+05    8.60400e+04   -4.38221e+05   -4.37945e+05    3.01004e+02
 Pres. DC (bar) Pressure (bar)   Constr. rmsd
   -2.24254e+02    2.03731e+02    2.68344e-06


step 23000 Turning off dynamic load balancing, because it is degrading performance.
Atom distribution over 12 domains: av 2823 stddev 29 min 2771 max 2883

DD  step 24999 load imb.: force 14.4%
           Step           Time
          25000       50.00000

   Energies (kJ/mol)
           Bond          Angle    Proper Dih. Ryckaert-Bell.          LJ-14
    1.43451e+03    3.51612e+03    2.73970e+02    1.87162e+03    2.63745e+03
     Coulomb-14        LJ (SR)  Disper. corr.   Coulomb (SR)   Coul. recip.
    7.81928e+03    9.39873e+04   -4.57897e+03   -6.36241e+05    2.96826e+03
      Potential    Kinetic En.   Total Energy  Conserved En.    Temperature
   -5.26312e+05    8.44492e+04   -4.41862e+05   -4.37861e+05    2.95439e+02
 Pres. DC (bar) Pressure (bar)   Constr. rmsd
   -2.27421e+02   -5.87536e+01    3.11205e-06


DD  step 29999 load imb.: force 13.1%

step 30000 Turning on dynamic load balancing, because the performance loss due to load imbalance is 3.6 %.
           Step           Time
          30000       60.00000

   Energies (kJ/mol)
           Bond          Angle    Proper Dih. Ryckaert-Bell.          LJ-14
    1.53662e+03    3.82683e+03    2.51141e+02    1.88053e+03    2.65533e+03
     Coulomb-14        LJ (SR)  Disper. corr.   Coulomb (SR)   Coul. recip.
    7.84013e+03    9.28540e+04   -4.56124e+03   -6.33571e+05    2.98910e+03
      Potential    Kinetic En.   Total Energy  Conserved En.    Temperature
   -5.24298e+05    8.54410e+04   -4.38857e+05   -4.37796e+05    2.98909e+02
 Pres. DC (bar) Pressure (bar)   Constr. rmsd
   -2.25665e+02   -1.17676e+02    2.75794e-06

step 31000 Turning off dynamic load balancing, because it is degrading performance.
Atom distribution over 12 domains: av 2823 stddev 44 min 2752 max 2904

DD  step 34999 load imb.: force 14.0%

step 35000 Will no longer try dynamic load balancing, as it degraded performance.
           Step           Time
          35000       70.00000

   Energies (kJ/mol)
           Bond          Angle    Proper Dih. Ryckaert-Bell.          LJ-14
    1.37610e+03    3.71314e+03    2.56085e+02    1.85578e+03    2.68733e+03
     Coulomb-14        LJ (SR)  Disper. corr.   Coulomb (SR)   Coul. recip.
    7.86314e+03    9.36244e+04   -4.56564e+03   -6.35078e+05    2.94894e+03
      Potential    Kinetic En.   Total Energy  Conserved En.    Temperature
   -5.25319e+05    8.53575e+04   -4.39961e+05   -4.37752e+05    2.98617e+02
 Pres. DC (bar) Pressure (bar)   Constr. rmsd
   -2.26100e+02   -1.12526e+02    3.13582e-06


DD  step 39999 load imb.: force 15.4%
           Step           Time
          40000       80.00000

   Energies (kJ/mol)
           Bond          Angle    Proper Dih. Ryckaert-Bell.          LJ-14
    1.39612e+03    3.77195e+03    2.86683e+02    1.92193e+03    2.59852e+03
     Coulomb-14        LJ (SR)  Disper. corr.   Coulomb (SR)   Coul. recip.
    7.82302e+03    9.25383e+04   -4.56977e+03   -6.32798e+05    2.94465e+03
      Potential    Kinetic En.   Total Energy  Conserved En.    Temperature
   -5.24086e+05    8.67434e+04   -4.37343e+05   -4.37708e+05    3.03465e+02
 Pres. DC (bar) Pressure (bar)   Constr. rmsd
   -2.26509e+02   -9.05794e+01    3.02772e-06


DD  step 44999 load imb.: force 16.6%
           Step           Time
          45000       90.00000

   Energies (kJ/mol)
           Bond          Angle    Proper Dih. Ryckaert-Bell.          LJ-14
    1.43945e+03    3.86904e+03    2.62950e+02    1.92086e+03    2.66335e+03
     Coulomb-14        LJ (SR)  Disper. corr.   Coulomb (SR)   Coul. recip.
    7.91151e+03    9.32402e+04   -4.54597e+03   -6.33245e+05    2.95514e+03
      Potential    Kinetic En.   Total Energy  Conserved En.    Temperature
   -5.23529e+05    8.53478e+04   -4.38181e+05   -4.37642e+05    2.98583e+02
 Pres. DC (bar) Pressure (bar)   Constr. rmsd
   -2.24159e+02   -1.31798e+01    2.96072e-06


DD  step 49999 load imb.: force 12.5%
           Step           Time
          50000      100.00000

   Energies (kJ/mol)
           Bond          Angle    Proper Dih. Ryckaert-Bell.          LJ-14
    1.42336e+03    3.90301e+03    2.82257e+02    1.84239e+03    2.70221e+03
     Coulomb-14        LJ (SR)  Disper. corr.   Coulomb (SR)   Coul. recip.
    7.90174e+03    9.18246e+04   -4.52426e+03   -6.31301e+05    2.95357e+03
      Potential    Kinetic En.   Total Energy  Conserved En.    Temperature
   -5.22992e+05    8.51693e+04   -4.37823e+05   -4.37575e+05    2.97958e+02
 Pres. DC (bar) Pressure (bar)   Constr. rmsd
   -2.22025e+02   -2.15649e+02    3.11339e-06


DD  step 54999 load imb.: force 14.4%
           Step           Time
          55000      110.00000

   Energies (kJ/mol)
           Bond          Angle    Proper Dih. Ryckaert-Bell.          LJ-14
    1.43890e+03    3.68233e+03    2.90338e+02    1.86159e+03    2.64987e+03
     Coulomb-14        LJ (SR)  Disper. corr.   Coulomb (SR)   Coul. recip.
    7.85159e+03    9.29825e+04   -4.56556e+03   -6.34298e+05    2.85199e+03
      Potential    Kinetic En.   Total Energy  Conserved En.    Temperature
   -5.25254e+05    8.68241e+04   -4.38430e+05   -4.37567e+05    3.03748e+02
 Pres. DC (bar) Pressure (bar)   Constr. rmsd
   -2.26092e+02   -9.96499e+01    3.03701e-06


DD  step 59999 load imb.: force 15.8%
           Step           Time
          60000      120.00000

   Energies (kJ/mol)
           Bond          Angle    Proper Dih. Ryckaert-Bell.          LJ-14
    1.50762e+03    3.74038e+03    2.73567e+02    1.80656e+03    2.66946e+03
     Coulomb-14        LJ (SR)  Disper. corr.   Coulomb (SR)   Coul. recip.
    7.82308e+03    9.46267e+04   -4.54744e+03   -6.36697e+05    2.92549e+03
      Potential    Kinetic En.   Total Energy  Conserved En.    Temperature
   -5.25872e+05    8.57290e+04   -4.40143e+05   -4.37488e+05    2.99917e+02
 Pres. DC (bar) Pressure (bar)   Constr. rmsd
   -2.24303e+02    7.97956e+01    3.09497e-06


DD  step 64999 load imb.: force 15.0%
           Step           Time
          65000      130.00000

   Energies (kJ/mol)
           Bond          Angle    Proper Dih. Ryckaert-Bell.          LJ-14
    1.43952e+03    3.70512e+03    2.57086e+02    1.86855e+03    2.66137e+03
     Coulomb-14        LJ (SR)  Disper. corr.   Coulomb (SR)   Coul. recip.
    7.84730e+03    9.33835e+04   -4.55067e+03   -6.34737e+05    2.90231e+03
      Potential    Kinetic En.   Total Energy  Conserved En.    Temperature
   -5.25222e+05    8.55201e+04   -4.39702e+05   -4.37441e+05    2.99186e+02
 Pres. DC (bar) Pressure (bar)   Constr. rmsd
   -2.24622e+02   -1.62158e+02    2.99474e-06


DD  step 69999 load imb.: force 18.0%
           Step           Time
          70000      140.00000

   Energies (kJ/mol)
           Bond          Angle    Proper Dih. Ryckaert-Bell.          LJ-14
    1.46833e+03    3.59597e+03    2.41124e+02    1.82420e+03    2.68673e+03
     Coulomb-14        LJ (SR)  Disper. corr.   Coulomb (SR)   Coul. recip.
    7.92036e+03    9.34320e+04   -4.56625e+03   -6.35080e+05    2.89453e+03
      Potential    Kinetic En.   Total Energy  Conserved En.    Temperature
   -5.25583e+05    8.45932e+04   -4.40990e+05   -4.37389e+05    2.95943e+02
 Pres. DC (bar) Pressure (bar)   Constr. rmsd
   -2.26161e+02   -1.29176e+02    2.84199e-06


DD  step 74999 load imb.: force 14.9%
           Step           Time
          75000      150.00000

   Energies (kJ/mol)
           Bond          Angle    Proper Dih. Ryckaert-Bell.          LJ-14
    1.40720e+03    3.75460e+03    2.41853e+02    1.79516e+03    2.66801e+03
     Coulomb-14        LJ (SR)  Disper. corr.   Coulomb (SR)   Coul. recip.
    7.84820e+03    9.40205e+04   -4.55630e+03   -6.35808e+05    2.95871e+03
      Potential    Kinetic En.   Total Energy  Conserved En.    Temperature
   -5.25670e+05    8.59093e+04   -4.39761e+05   -4.37328e+05    3.00547e+02
 Pres. DC (bar) Pressure (bar)   Constr. rmsd
   -2.25177e+02    1.55645e+02    3.05170e-06


DD  step 79999 load imb.: force 19.6%
           Step           Time
          80000      160.00000

   Energies (kJ/mol)
           Bond          Angle    Proper Dih. Ryckaert-Bell.          LJ-14
    1.58318e+03    3.69270e+03    3.08111e+02    1.82343e+03    2.64235e+03
     Coulomb-14        LJ (SR)  Disper. corr.   Coulomb (SR)   Coul. recip.
    7.76842e+03    9.34240e+04   -4.55329e+03   -6.34102e+05    2.85369e+03
      Potential    Kinetic En.   Total Energy  Conserved En.    Temperature
   -5.24559e+05    8.63753e+04   -4.38184e+05   -4.37299e+05    3.02177e+02
 Pres. DC (bar) Pressure (bar)   Constr. rmsd
   -2.24881e+02   -1.14932e+02    2.62072e-06


DD  step 84999 load imb.: force 13.2%
           Step           Time
          85000      170.00000

   Energies (kJ/mol)
           Bond          Angle    Proper Dih. Ryckaert-Bell.          LJ-14
    1.49944e+03    3.76313e+03    2.52196e+02    1.84782e+03    2.63480e+03
     Coulomb-14        LJ (SR)  Disper. corr.   Coulomb (SR)   Coul. recip.
    7.87263e+03    9.47884e+04   -4.59015e+03   -6.36501e+05    2.91372e+03
      Potential    Kinetic En.   Total Energy  Conserved En.    Temperature
   -5.25519e+05    8.53752e+04   -4.40144e+05   -4.37196e+05    2.98679e+02
 Pres. DC (bar) Pressure (bar)   Constr. rmsd
   -2.28532e+02    2.13217e+02    2.96334e-06


DD  step 89999 load imb.: force 14.6%
           Step           Time
          90000      180.00000

   Energies (kJ/mol)
           Bond          Angle    Proper Dih. Ryckaert-Bell.          LJ-14
    1.47648e+03    3.61295e+03    2.31498e+02    1.91491e+03    2.71315e+03
     Coulomb-14        LJ (SR)  Disper. corr.   Coulomb (SR)   Coul. recip.
    7.82573e+03    9.21110e+04   -4.56018e+03   -6.32934e+05    2.98187e+03
      Potential    Kinetic En.   Total Energy  Conserved En.    Temperature
   -5.24626e+05    8.53476e+04   -4.39279e+05   -4.37167e+05    2.98582e+02
 Pres. DC (bar) Pressure (bar)   Constr. rmsd
   -2.25561e+02   -1.82880e+02    2.52608e-06


DD  step 94999 load imb.: force 12.9%
           Step           Time
          95000      190.00000

   Energies (kJ/mol)
           Bond          Angle    Proper Dih. Ryckaert-Bell.          LJ-14
    1.44986e+03    3.73931e+03    2.41058e+02    1.74182e+03    2.65131e+03
     Coulomb-14        LJ (SR)  Disper. corr.   Coulomb (SR)   Coul. recip.
    7.84780e+03    9.41039e+04   -4.55889e+03   -6.35334e+05    2.89074e+03
      Potential    Kinetic En.   Total Energy  Conserved En.    Temperature
   -5.25227e+05    8.55929e+04   -4.39634e+05   -4.37092e+05    2.99440e+02
 Pres. DC (bar) Pressure (bar)   Constr. rmsd
   -2.25434e+02   -3.52273e+01    2.82587e-06


DD  step 99999 load imb.: force 14.4%
           Step           Time
         100000      200.00000

   Energies (kJ/mol)
           Bond          Angle    Proper Dih. Ryckaert-Bell.          LJ-14
    1.46312e+03    3.77207e+03    2.38676e+02    1.76057e+03    2.70174e+03
     Coulomb-14        LJ (SR)  Disper. corr.   Coulomb (SR)   Coul. recip.
    7.79655e+03    9.40604e+04   -4.56324e+03   -6.34201e+05    2.94674e+03
      Potential    Kinetic En.   Total Energy  Conserved En.    Temperature
   -5.24024e+05    8.54200e+04   -4.38604e+05   -4.37043e+05    2.98835e+02
 Pres. DC (bar) Pressure (bar)   Constr. rmsd
   -2.25863e+02    1.24047e+02    2.84072e-06


DD  step 104999 load imb.: force 17.1%
           Step           Time
         105000      210.00000

   Energies (kJ/mol)
           Bond          Angle    Proper Dih. Ryckaert-Bell.          LJ-14
    1.51844e+03    3.57995e+03    2.56520e+02    1.72441e+03    2.63784e+03
     Coulomb-14        LJ (SR)  Disper. corr.   Coulomb (SR)   Coul. recip.
    7.80405e+03    9.38929e+04   -4.54975e+03   -6.34913e+05    2.91857e+03
      Potential    Kinetic En.   Total Energy  Conserved En.    Temperature
   -5.25130e+05    8.47278e+04   -4.40402e+05   -4.37003e+05    2.96414e+02
 Pres. DC (bar) Pressure (bar)   Constr. rmsd
   -2.24532e+02   -3.36566e+01    2.84579e-06


DD  step 109999 load imb.: force 14.9%
           Step           Time
         110000      220.00000

   Energies (kJ/mol)
           Bond          Angle    Proper Dih. Ryckaert-Bell.          LJ-14
    1.49853e+03    3.85275e+03    2.51775e+02    1.79459e+03    2.67037e+03
     Coulomb-14        LJ (SR)  Disper. corr.   Coulomb (SR)   Coul. recip.
    7.87283e+03    9.33182e+04   -4.57906e+03   -6.34803e+05    2.86953e+03
      Potential    Kinetic En.   Total Energy  Conserved En.    Temperature
   -5.25254e+05    8.52254e+04   -4.40028e+05   -4.36929e+05    2.98155e+02
 Pres. DC (bar) Pressure (bar)   Constr. rmsd
   -2.27430e+02   -9.39498e+01    2.89176e-06


DD  step 114999 load imb.: force 19.1%
           Step           Time
         115000      230.00000

   Energies (kJ/mol)
           Bond          Angle    Proper Dih. Ryckaert-Bell.          LJ-14
    1.53455e+03    3.78981e+03    2.30040e+02    1.77053e+03    2.62160e+03
     Coulomb-14        LJ (SR)  Disper. corr.   Coulomb (SR)   Coul. recip.
    7.80085e+03    9.21965e+04   -4.55955e+03   -6.34093e+05    2.93942e+03
      Potential    Kinetic En.   Total Energy  Conserved En.    Temperature
   -5.25770e+05    8.55589e+04   -4.40211e+05   -4.36886e+05    2.99322e+02
 Pres. DC (bar) Pressure (bar)   Constr. rmsd
   -2.25498e+02   -3.35758e+02    3.02181e-06


DD  step 119999 load imb.: force 13.8%
           Step           Time
         120000      240.00000

   Energies (kJ/mol)
           Bond          Angle    Proper Dih. Ryckaert-Bell.          LJ-14
    1.59507e+03    3.72603e+03    2.79487e+02    1.83390e+03    2.68167e+03
     Coulomb-14        LJ (SR)  Disper. corr.   Coulomb (SR)   Coul. recip.
    7.87055e+03    9.23478e+04   -4.53939e+03   -6.32620e+05    2.99602e+03
      Potential    Kinetic En.   Total Energy  Conserved En.    Temperature
   -5.23829e+05    8.59593e+04   -4.37870e+05   -4.36824e+05    3.00722e+02
 Pres. DC (bar) Pressure (bar)   Constr. rmsd
   -2.23511e+02   -3.02403e+02    2.77510e-06


DD  step 124999 load imb.: force 12.5%
           Step           Time
         125000      250.00000

   Energies (kJ/mol)
           Bond          Angle    Proper Dih. Ryckaert-Bell.          LJ-14
    1.48349e+03    3.79397e+03    2.40923e+02    1.80606e+03    2.62379e+03
     Coulomb-14        LJ (SR)  Disper. corr.   Coulomb (SR)   Coul. recip.
    7.84709e+03    9.54942e+04   -4.57100e+03   -6.37513e+05    2.95523e+03
      Potential    Kinetic En.   Total Energy  Conserved En.    Temperature
   -5.25840e+05    8.49509e+04   -4.40889e+05   -4.36760e+05    2.97194e+02
 Pres. DC (bar) Pressure (bar)   Constr. rmsd
   -2.26631e+02    2.44308e+02    3.01221e-06


DD  step 129999 load imb.: force 12.7%
           Step           Time
         130000      260.00000

   Energies (kJ/mol)
           Bond          Angle    Proper Dih. Ryckaert-Bell.          LJ-14
    1.52045e+03    3.70174e+03    2.57880e+02    1.73895e+03    2.70164e+03
     Coulomb-14        LJ (SR)  Disper. corr.   Coulomb (SR)   Coul. recip.
    7.78008e+03    9.45306e+04   -4.56667e+03   -6.36800e+05    2.88357e+03
      Potential    Kinetic En.   Total Energy  Conserved En.    Temperature
   -5.26252e+05    8.66174e+04   -4.39634e+05   -4.36738e+05    3.03025e+02
 Pres. DC (bar) Pressure (bar)   Constr. rmsd
   -2.26203e+02    1.35407e+02    3.10874e-06


DD  step 134999 load imb.: force 11.3%
           Step           Time
         135000      270.00000

   Energies (kJ/mol)
           Bond          Angle    Proper Dih. Ryckaert-Bell.          LJ-14
    1.55616e+03    3.68978e+03    2.49394e+02    1.77611e+03    2.66546e+03
     Coulomb-14        LJ (SR)  Disper. corr.   Coulomb (SR)   Coul. recip.
    7.84503e+03    9.26628e+04   -4.55826e+03   -6.33484e+05    3.02364e+03
      Potential    Kinetic En.   Total Energy  Conserved En.    Temperature
   -5.24574e+05    8.59014e+04   -4.38673e+05   -4.36663e+05    3.00520e+02
 Pres. DC (bar) Pressure (bar)   Constr. rmsd
   -2.25372e+02   -2.75647e+02    2.59283e-06


DD  step 139999 load imb.: force 13.0%
           Step           Time
         140000      280.00000

   Energies (kJ/mol)
           Bond          Angle    Proper Dih. Ryckaert-Bell.          LJ-14
    1.55687e+03    3.55892e+03    2.41288e+02    1.86211e+03    2.60765e+03
     Coulomb-14        LJ (SR)  Disper. corr.   Coulomb (SR)   Coul. recip.
    7.88011e+03    9.42300e+04   -4.56981e+03   -6.36104e+05    3.02928e+03
      Potential    Kinetic En.   Total Energy  Conserved En.    Temperature
   -5.25708e+05    8.49630e+04   -4.40745e+05   -4.36611e+05    2.97237e+02
 Pres. DC (bar) Pressure (bar)   Constr. rmsd
   -2.26513e+02   -1.14142e+02    2.49387e-06


DD  step 144999 load imb.: force 12.8%
           Step           Time
         145000      290.00000

   Energies (kJ/mol)
           Bond          Angle    Proper Dih. Ryckaert-Bell.          LJ-14
    1.40191e+03    3.70101e+03    2.10585e+02    1.81240e+03    2.68969e+03
     Coulomb-14        LJ (SR)  Disper. corr.   Coulomb (SR)   Coul. recip.
    7.91757e+03    9.29571e+04   -4.55120e+03   -6.33454e+05    2.92624e+03
      Potential    Kinetic En.   Total Energy  Conserved En.    Temperature
   -5.24389e+05    8.49625e+04   -4.39426e+05   -4.36579e+05    2.97235e+02
 Pres. DC (bar) Pressure (bar)   Constr. rmsd
   -2.24674e+02   -8.37612e+01    2.77451e-06


DD  step 149999 load imb.: force 13.5%
           Step           Time
         150000      300.00000

   Energies (kJ/mol)
           Bond          Angle    Proper Dih. Ryckaert-Bell.          LJ-14
    1.44880e+03    3.96822e+03    2.53699e+02    1.82652e+03    2.71971e+03
     Coulomb-14        LJ (SR)  Disper. corr.   Coulomb (SR)   Coul. recip.
    7.82877e+03    9.36855e+04   -4.55003e+03   -6.34232e+05    2.96568e+03
      Potential    Kinetic En.   Total Energy  Conserved En.    Temperature
   -5.24085e+05    8.63019e+04   -4.37783e+05   -4.36528e+05    3.01921e+02
 Pres. DC (bar) Pressure (bar)   Constr. rmsd
   -2.24559e+02    1.69454e+02    2.90400e-06


DD  step 154999 load imb.: force 11.8%
           Step           Time
         155000      310.00000

   Energies (kJ/mol)
           Bond          Angle    Proper Dih. Ryckaert-Bell.          LJ-14
    1.43537e+03    3.66367e+03    2.50817e+02    1.83945e+03    2.74105e+03
     Coulomb-14        LJ (SR)  Disper. corr.   Coulomb (SR)   Coul. recip.
    7.78424e+03    9.23362e+04   -4.54247e+03   -6.33213e+05    2.95437e+03
      Potential    Kinetic En.   Total Energy  Conserved En.    Temperature
   -5.24750e+05    8.58049e+04   -4.38945e+05   -4.36469e+05    3.00182e+02
 Pres. DC (bar) Pressure (bar)   Constr. rmsd
   -2.23814e+02   -2.16962e+02    2.90814e-06


DD  step 159999 load imb.: force 11.9%
           Step           Time
         160000      320.00000

   Energies (kJ/mol)
           Bond          Angle    Proper Dih. Ryckaert-Bell.          LJ-14
    1.65014e+03    3.84103e+03    2.53563e+02    1.76762e+03    2.54100e+03
     Coulomb-14        LJ (SR)  Disper. corr.   Coulomb (SR)   Coul. recip.
    7.69176e+03    9.38005e+04   -4.55711e+03   -6.35467e+05    2.93584e+03
      Potential    Kinetic En.   Total Energy  Conserved En.    Temperature
   -5.25543e+05    8.62966e+04   -4.39246e+05   -4.36406e+05    3.01902e+02
 Pres. DC (bar) Pressure (bar)   Constr. rmsd
   -2.25257e+02   -2.47410e+02    2.75158e-06


DD  step 164999 load imb.: force 15.5%
           Step           Time
         165000      330.00000

   Energies (kJ/mol)
           Bond          Angle    Proper Dih. Ryckaert-Bell.          LJ-14
    1.51052e+03    3.82171e+03    2.67343e+02    1.69084e+03    2.55056e+03
     Coulomb-14        LJ (SR)  Disper. corr.   Coulomb (SR)   Coul. recip.
    7.79039e+03    9.36505e+04   -4.52099e+03   -6.33469e+05    2.94634e+03
      Potential    Kinetic En.   Total Energy  Conserved En.    Temperature
   -5.23762e+05    8.47952e+04   -4.38967e+05   -4.36321e+05    2.96650e+02
 Pres. DC (bar) Pressure (bar)   Constr. rmsd
   -2.21705e+02   -1.25701e+02    2.61196e-06


DD  step 169999 load imb.: force 12.3%
           Step           Time
         170000      340.00000

   Energies (kJ/mol)
           Bond          Angle    Proper Dih. Ryckaert-Bell.          LJ-14
    1.40147e+03    3.73026e+03    2.25395e+02    1.71858e+03    2.67570e+03
     Coulomb-14        LJ (SR)  Disper. corr.   Coulomb (SR)   Coul. recip.
    7.75612e+03    9.38648e+04   -4.56535e+03   -6.34276e+05    2.93129e+03
      Potential    Kinetic En.   Total Energy  Conserved En.    Temperature
   -5.24537e+05    8.55241e+04   -4.39013e+05   -4.36301e+05    2.99200e+02
 Pres. DC (bar) Pressure (bar)   Constr. rmsd
   -2.26072e+02    9.83361e+01    3.16330e-06


DD  step 174999 load imb.: force 12.0%
           Step           Time
         175000      350.00000

   Energies (kJ/mol)
           Bond          Angle    Proper Dih. Ryckaert-Bell.          LJ-14
    1.54291e+03    3.60192e+03    2.59106e+02    1.72811e+03    2.62960e+03
     Coulomb-14        LJ (SR)  Disper. corr.   Coulomb (SR)   Coul. recip.
    7.74314e+03    9.34158e+04   -4.54991e+03   -6.34049e+05    3.10863e+03
      Potential    Kinetic En.   Total Energy  Conserved En.    Temperature
   -5.24570e+05    8.52010e+04   -4.39369e+05   -4.36230e+05    2.98069e+02
 Pres. DC (bar) Pressure (bar)   Constr. rmsd
   -2.24547e+02   -1.15565e+02    2.36365e-06


DD  step 179999 load imb.: force 12.0%
           Step           Time
         180000      360.00000

   Energies (kJ/mol)
           Bond          Angle    Proper Dih. Ryckaert-Bell.          LJ-14
    1.40316e+03    3.84963e+03    2.42885e+02    1.77472e+03    2.68155e+03
     Coulomb-14        LJ (SR)  Disper. corr.   Coulomb (SR)   Coul. recip.
    7.80719e+03    9.33686e+04   -4.54307e+03   -6.34653e+05    2.95309e+03
      Potential    Kinetic En.   Total Energy  Conserved En.    Temperature
   -5.25115e+05    8.66657e+04   -4.38450e+05   -4.36196e+05    3.03193e+02
 Pres. DC (bar) Pressure (bar)   Constr. rmsd
   -2.23874e+02   -7.40472e+01    3.15152e-06


DD  step 184999 load imb.: force 12.2%
           Step           Time
         185000      370.00000

   Energies (kJ/mol)
           Bond          Angle    Proper Dih. Ryckaert-Bell.          LJ-14
    1.52198e+03    3.84231e+03    2.28380e+02    1.66732e+03    2.59388e+03
     Coulomb-14        LJ (SR)  Disper. corr.   Coulomb (SR)   Coul. recip.
    7.81774e+03    9.34461e+04   -4.57200e+03   -6.35233e+05    2.98525e+03
      Potential    Kinetic En.   Total Energy  Conserved En.    Temperature
   -5.25702e+05    8.57295e+04   -4.39973e+05   -4.36115e+05    2.99918e+02
 Pres. DC (bar) Pressure (bar)   Constr. rmsd
   -2.26730e+02   -1.62407e+02    2.88196e-06


DD  step 189999 load imb.: force 16.0%
           Step           Time
         190000      380.00000

   Energies (kJ/mol)
           Bond          Angle    Proper Dih. Ryckaert-Bell.          LJ-14
    1.39222e+03    3.85823e+03    2.60189e+02    1.74023e+03    2.62520e+03
     Coulomb-14        LJ (SR)  Disper. corr.   Coulomb (SR)   Coul. recip.
    7.78876e+03    9.47691e+04   -4.58723e+03   -6.35958e+05    2.99583e+03
      Potential    Kinetic En.   Total Energy  Conserved En.    Temperature
   -5.25115e+05    8.49685e+04   -4.40147e+05   -4.36052e+05    2.97256e+02
 Pres. DC (bar) Pressure (bar)   Constr. rmsd
   -2.28242e+02    3.81348e+02    2.68496e-06


DD  step 194999 load imb.: force 13.0%
           Step           Time
         195000      390.00000

   Energies (kJ/mol)
           Bond          Angle    Proper Dih. Ryckaert-Bell.          LJ-14
    1.54314e+03    3.69428e+03    2.47470e+02    1.86313e+03    2.65397e+03
     Coulomb-14        LJ (SR)  Disper. corr.   Coulomb (SR)   Coul. recip.
    7.70970e+03    9.34972e+04   -4.55632e+03   -6.34137e+05    2.94657e+03
      Potential    Kinetic En.   Total Energy  Conserved En.    Temperature
   -5.24538e+05    8.55563e+04   -4.38982e+05   -4.36011e+05    2.99312e+02
 Pres. DC (bar) Pressure (bar)   Constr. rmsd
   -2.25180e+02    5.91410e+01    2.90876e-06


DD  step 199999 load imb.: force 13.0%
           Step           Time
         200000      400.00000

   Energies (kJ/mol)
           Bond          Angle    Proper Dih. Ryckaert-Bell.          LJ-14
    1.38418e+03    3.89926e+03    2.61092e+02    1.84012e+03    2.68762e+03
     Coulomb-14        LJ (SR)  Disper. corr.   Coulomb (SR)   Coul. recip.
    7.81997e+03    9.24143e+04   -4.54531e+03   -6.33362e+05    2.99551e+03
      Potential    Kinetic En.   Total Energy  Conserved En.    Temperature
   -5.24606e+05    8.52000e+04   -4.39406e+05   -4.35944e+05    2.98066e+02
 Pres. DC (bar) Pressure (bar)   Constr. rmsd
   -2.24094e+02   -1.88468e+02    2.71423e-06


DD  step 204999 load imb.: force 12.8%
           Step           Time
         205000      410.00000

   Energies (kJ/mol)
           Bond          Angle    Proper Dih. Ryckaert-Bell.          LJ-14
    1.36953e+03    3.79503e+03    2.58878e+02    1.83769e+03    2.68863e+03
     Coulomb-14        LJ (SR)  Disper. corr.   Coulomb (SR)   Coul. recip.
    7.82242e+03    9.55904e+04   -4.56860e+03   -6.38058e+05    2.83844e+03
      Potential    Kinetic En.   Total Energy  Conserved En.    Temperature
   -5.26426e+05    8.53348e+04   -4.41091e+05   -4.35897e+05    2.98537e+02
 Pres. DC (bar) Pressure (bar)   Constr. rmsd
   -2.26393e+02    2.64069e+02    3.00372e-06


DD  step 209999 load imb.: force 14.1%
           Step           Time
         210000      420.00000

   Energies (kJ/mol)
           Bond          Angle    Proper Dih. Ryckaert-Bell.          LJ-14
    1.44937e+03    3.68027e+03    2.57615e+02    1.81891e+03    2.70183e+03
     Coulomb-14        LJ (SR)  Disper. corr.   Coulomb (SR)   Coul. recip.
    7.75710e+03    9.41925e+04   -4.55287e+03   -6.35424e+05    2.95858e+03
      Potential    Kinetic En.   Total Energy  Conserved En.    Temperature
   -5.25160e+05    8.57689e+04   -4.39392e+05   -4.35846e+05    3.00056e+02
 Pres. DC (bar) Pressure (bar)   Constr. rmsd
   -2.24839e+02    1.59827e+02    2.90868e-06


DD  step 214999 load imb.: force 14.5%
           Step           Time
         215000      430.00000

   Energies (kJ/mol)
           Bond          Angle    Proper Dih. Ryckaert-Bell.          LJ-14
    1.51627e+03    3.89085e+03    2.45788e+02    1.76684e+03    2.62795e+03
     Coulomb-14        LJ (SR)  Disper. corr.   Coulomb (SR)   Coul. recip.
    7.87940e+03    9.17393e+04   -4.56909e+03   -6.33076e+05    2.92868e+03
      Potential    Kinetic En.   Total Energy  Conserved En.    Temperature
   -5.25050e+05    8.61438e+04   -4.38906e+05   -4.35776e+05    3.01367e+02
 Pres. DC (bar) Pressure (bar)   Constr. rmsd
   -2.26442e+02   -3.26469e+02    3.00058e-06


DD  step 219999 load imb.: force 12.0%
           Step           Time
         220000      440.00000

   Energies (kJ/mol)
           Bond          Angle    Proper Dih. Ryckaert-Bell.          LJ-14
    1.41700e+03    4.04653e+03    2.61484e+02    1.81534e+03    2.59298e+03
     Coulomb-14        LJ (SR)  Disper. corr.   Coulomb (SR)   Coul. recip.
    7.84913e+03    9.40224e+04   -4.57281e+03   -6.34645e+05    2.85422e+03
      Potential    Kinetic En.   Total Energy  Conserved En.    Temperature
   -5.24359e+05    8.57209e+04   -4.38638e+05   -4.35706e+05    2.99888e+02
 Pres. DC (bar) Pressure (bar)   Constr. rmsd
   -2.26810e+02    4.38028e+01    2.78104e-06


DD  step 224999 load imb.: force 13.0%
           Step           Time
         225000      450.00000

   Energies (kJ/mol)
           Bond          Angle    Proper Dih. Ryckaert-Bell.          LJ-14
    1.35868e+03    3.78494e+03    2.20500e+02    1.80389e+03    2.63737e+03
     Coulomb-14        LJ (SR)  Disper. corr.   Coulomb (SR)   Coul. recip.
    7.83095e+03    9.44216e+04   -4.55564e+03   -6.35507e+05    2.95791e+03
      Potential    Kinetic En.   Total Energy  Conserved En.    Temperature
   -5.25046e+05    8.64587e+04   -4.38588e+05   -4.35682e+05    3.02469e+02
 Pres. DC (bar) Pressure (bar)   Constr. rmsd
   -2.25113e+02    7.39043e+01    3.13227e-06


DD  step 229999 load imb.: force 14.2%
           Step           Time
         230000      460.00000

   Energies (kJ/mol)
           Bond          Angle    Proper Dih. Ryckaert-Bell.          LJ-14
    1.39228e+03    3.67725e+03    2.70007e+02    1.85463e+03    2.61280e+03
     Coulomb-14        LJ (SR)  Disper. corr.   Coulomb (SR)   Coul. recip.
    7.84099e+03    9.32343e+04   -4.58298e+03   -6.35440e+05    2.93785e+03
      Potential    Kinetic En.   Total Energy  Conserved En.    Temperature
   -5.26203e+05    8.58880e+04   -4.40315e+05   -4.35608e+05    3.00473e+02
 Pres. DC (bar) Pressure (bar)   Constr. rmsd
   -2.27820e+02   -1.58520e+01    2.72991e-06


DD  step 234999 load imb.: force 10.9%
           Step           Time
         235000      470.00000

   Energies (kJ/mol)
           Bond          Angle    Proper Dih. Ryckaert-Bell.          LJ-14
    1.52199e+03    3.92001e+03    2.42603e+02    1.74065e+03    2.70080e+03
     Coulomb-14        LJ (SR)  Disper. corr.   Coulomb (SR)   Coul. recip.
    7.81564e+03    9.44924e+04   -4.58126e+03   -6.35735e+05    2.95830e+03
      Potential    Kinetic En.   Total Energy  Conserved En.    Temperature
   -5.24924e+05    8.61574e+04   -4.38767e+05   -4.35526e+05    3.01415e+02
 Pres. DC (bar) Pressure (bar)   Constr. rmsd
   -2.27649e+02    2.87342e+02    2.99918e-06


DD  step 239999 load imb.: force 13.1%
           Step           Time
         240000      480.00000

   Energies (kJ/mol)
           Bond          Angle    Proper Dih. Ryckaert-Bell.          LJ-14
    1.46243e+03    3.59241e+03    2.85555e+02    1.68413e+03    2.70705e+03
     Coulomb-14        LJ (SR)  Disper. corr.   Coulomb (SR)   Coul. recip.
    7.87718e+03    9.40838e+04   -4.57073e+03   -6.36218e+05    2.93251e+03
      Potential    Kinetic En.   Total Energy  Conserved En.    Temperature
   -5.26163e+05    8.48030e+04   -4.41360e+05   -4.35472e+05    2.96677e+02
 Pres. DC (bar) Pressure (bar)   Constr. rmsd
   -2.26604e+02   -7.53757e+00    2.98654e-06


DD  step 244999 load imb.: force 15.2%
           Step           Time
         245000      490.00000

   Energies (kJ/mol)
           Bond          Angle    Proper Dih. Ryckaert-Bell.          LJ-14
    1.53017e+03    3.88128e+03    2.26077e+02    1.81087e+03    2.55745e+03
     Coulomb-14        LJ (SR)  Disper. corr.   Coulomb (SR)   Coul. recip.
    7.78495e+03    9.41792e+04   -4.55711e+03   -6.35654e+05    2.98988e+03
      Potential    Kinetic En.   Total Energy  Conserved En.    Temperature
   -5.25251e+05    8.51161e+04   -4.40135e+05   -4.35394e+05    2.97772e+02
 Pres. DC (bar) Pressure (bar)   Constr. rmsd
   -2.25258e+02   -4.38639e+01    2.92243e-06


DD  step 249999 load imb.: force 18.0%
           Step           Time
         250000      500.00000

   Energies (kJ/mol)
           Bond          Angle    Proper Dih. Ryckaert-Bell.          LJ-14
    1.46881e+03    3.82951e+03    2.41238e+02    1.80110e+03    2.74400e+03
     Coulomb-14        LJ (SR)  Disper. corr.   Coulomb (SR)   Coul. recip.
    7.83933e+03    9.46191e+04   -4.56192e+03   -6.35692e+05    2.91095e+03
      Potential    Kinetic En.   Total Energy  Conserved En.    Temperature
   -5.24800e+05    8.49800e+04   -4.39820e+05   -4.35356e+05    2.97296e+02
 Pres. DC (bar) Pressure (bar)   Constr. rmsd
   -2.25732e+02    2.96710e+02    3.06046e-06


DD  step 254999 load imb.: force 10.2%
           Step           Time
         255000      510.00000

   Energies (kJ/mol)
           Bond          Angle    Proper Dih. Ryckaert-Bell.          LJ-14
    1.49860e+03    3.62997e+03    2.21280e+02    1.91468e+03    2.68214e+03
     Coulomb-14        LJ (SR)  Disper. corr.   Coulomb (SR)   Coul. recip.
    7.79923e+03    9.47982e+04   -4.56942e+03   -6.37069e+05    2.89170e+03
      Potential    Kinetic En.   Total Energy  Conserved En.    Temperature
   -5.26203e+05    8.58536e+04   -4.40349e+05   -4.35339e+05    3.00353e+02
 Pres. DC (bar) Pressure (bar)   Constr. rmsd
   -2.26475e+02    1.41560e+02    2.96570e-06


DD  step 259999 load imb.: force 15.5%
           Step           Time
         260000      520.00000

   Energies (kJ/mol)
           Bond          Angle    Proper Dih. Ryckaert-Bell.          LJ-14
    1.40195e+03    3.80000e+03    2.42257e+02    1.89116e+03    2.70564e+03
     Coulomb-14        LJ (SR)  Disper. corr.   Coulomb (SR)   Coul. recip.
    7.93014e+03    9.33112e+04   -4.55782e+03   -6.34507e+05    3.00129e+03
      Potential    Kinetic En.   Total Energy  Conserved En.    Temperature
   -5.24781e+05    8.60713e+04   -4.38710e+05   -4.35266e+05    3.01114e+02
 Pres. DC (bar) Pressure (bar)   Constr. rmsd
   -2.25328e+02    6.29032e+01    2.70386e-06


DD  step 264999 load imb.: force 15.5%
           Step           Time
         265000      530.00000

   Energies (kJ/mol)
           Bond          Angle    Proper Dih. Ryckaert-Bell.          LJ-14
    1.46098e+03    3.74042e+03    2.74642e+02    1.83842e+03    2.66821e+03
     Coulomb-14        LJ (SR)  Disper. corr.   Coulomb (SR)   Coul. recip.
    7.84509e+03    9.32735e+04   -4.57207e+03   -6.35050e+05    2.97712e+03
      Potential    Kinetic En.   Total Energy  Conserved En.    Temperature
   -5.25543e+05    8.66933e+04   -4.38850e+05   -4.35213e+05    3.03290e+02
 Pres. DC (bar) Pressure (bar)   Constr. rmsd
   -2.26737e+02   -1.47152e+02    2.98124e-06


DD  step 269999 load imb.: force 13.5%
           Step           Time
         270000      540.00000

   Energies (kJ/mol)
           Bond          Angle    Proper Dih. Ryckaert-Bell.          LJ-14
    1.49705e+03    3.84950e+03    2.36529e+02    1.69223e+03    2.61461e+03
     Coulomb-14        LJ (SR)  Disper. corr.   Coulomb (SR)   Coul. recip.
    7.75407e+03    9.24900e+04   -4.56404e+03   -6.33961e+05    2.88367e+03
      Potential    Kinetic En.   Total Energy  Conserved En.    Temperature
   -5.25508e+05    8.58805e+04   -4.39627e+05   -4.35168e+05    3.00447e+02
 Pres. DC (bar) Pressure (bar)   Constr. rmsd
   -2.25942e+02   -2.57338e+02    2.82260e-06


DD  step 274999 load imb.: force 14.3%
           Step           Time
         275000      550.00000

   Energies (kJ/mol)
           Bond          Angle    Proper Dih. Ryckaert-Bell.          LJ-14
    1.40472e+03    3.72097e+03    2.58906e+02    1.73355e+03    2.62949e+03
     Coulomb-14        LJ (SR)  Disper. corr.   Coulomb (SR)   Coul. recip.
    7.71601e+03    9.39872e+04   -4.55108e+03   -6.36194e+05    2.87873e+03
      Potential    Kinetic En.   Total Energy  Conserved En.    Temperature
   -5.26415e+05    8.51777e+04   -4.41238e+05   -4.35122e+05    2.97988e+02
 Pres. DC (bar) Pressure (bar)   Constr. rmsd
   -2.24662e+02   -1.24249e+02    2.74133e-06


DD  step 279999 load imb.: force 12.6%
           Step           Time
         280000      560.00000

   Energies (kJ/mol)
           Bond          Angle    Proper Dih. Ryckaert-Bell.          LJ-14
    1.40460e+03    3.90319e+03    2.93323e+02    1.79502e+03    2.67351e+03
     Coulomb-14        LJ (SR)  Disper. corr.   Coulomb (SR)   Coul. recip.
    7.84472e+03    9.40531e+04   -4.57545e+03   -6.35688e+05    3.00705e+03
      Potential    Kinetic En.   Total Energy  Conserved En.    Temperature
   -5.25289e+05    8.60780e+04   -4.39211e+05   -4.35040e+05    3.01138e+02
 Pres. DC (bar) Pressure (bar)   Constr. rmsd
   -2.27072e+02    3.58271e+01    2.81999e-06


DD  step 284999 load imb.: force 13.9%
           Step           Time
         285000      570.00000

   Energies (kJ/mol)
           Bond          Angle    Proper Dih. Ryckaert-Bell.          LJ-14
    1.47839e+03    3.93336e+03    2.53610e+02    1.80864e+03    2.63808e+03
     Coulomb-14        LJ (SR)  Disper. corr.   Coulomb (SR)   Coul. recip.
    7.90720e+03    9.19357e+04   -4.53726e+03   -6.32578e+05    3.04361e+03
      Potential    Kinetic En.   Total Energy  Conserved En.    Temperature
   -5.24116e+05    8.59961e+04   -4.38120e+05   -4.34985e+05    3.00851e+02
 Pres. DC (bar) Pressure (bar)   Constr. rmsd
   -2.23302e+02   -3.32837e+02    2.90348e-06


DD  step 289999 load imb.: force 11.6%
           Step           Time
         290000      580.00000

   Energies (kJ/mol)
           Bond          Angle    Proper Dih. Ryckaert-Bell.          LJ-14
    1.51767e+03    3.54699e+03    2.65474e+02    1.84482e+03    2.73021e+03
     Coulomb-14        LJ (SR)  Disper. corr.   Coulomb (SR)   Coul. recip.
    7.83658e+03    9.47649e+04   -4.54873e+03   -6.36026e+05    2.96650e+03
      Potential    Kinetic En.   Total Energy  Conserved En.    Temperature
   -5.25101e+05    8.55709e+04   -4.39530e+05   -4.34935e+05    2.99363e+02
 Pres. DC (bar) Pressure (bar)   Constr. rmsd
   -2.24430e+02    1.18087e+02    3.15335e-06


DD  step 294999 load imb.: force 11.7%
           Step           Time
         295000      590.00000

   Energies (kJ/mol)
           Bond          Angle    Proper Dih. Ryckaert-Bell.          LJ-14
    1.47795e+03    3.72454e+03    2.52243e+02    1.86413e+03    2.59611e+03
     Coulomb-14        LJ (SR)  Disper. corr.   Coulomb (SR)   Coul. recip.
    7.83932e+03    9.46401e+04   -4.54831e+03   -6.36029e+05    2.93513e+03
      Potential    Kinetic En.   Total Energy  Conserved En.    Temperature
   -5.25248e+05    8.61036e+04   -4.39144e+05   -4.34862e+05    3.01227e+02
 Pres. DC (bar) Pressure (bar)   Constr. rmsd
   -2.24389e+02    1.14474e+01    2.90707e-06


DD  step 299999 load imb.: force 11.4%
           Step           Time
         300000      600.00000

   Energies (kJ/mol)
           Bond          Angle    Proper Dih. Ryckaert-Bell.          LJ-14
    1.39457e+03    3.80669e+03    2.55188e+02    1.77622e+03    2.58970e+03
     Coulomb-14        LJ (SR)  Disper. corr.   Coulomb (SR)   Coul. recip.
    7.73913e+03    9.22207e+04   -4.54665e+03   -6.33443e+05    2.86546e+03
      Potential    Kinetic En.   Total Energy  Conserved En.    Temperature
   -5.25342e+05    8.62027e+04   -4.39140e+05   -4.34832e+05    3.01574e+02
 Pres. DC (bar) Pressure (bar)   Constr. rmsd
   -2.24226e+02   -3.34313e+02    2.69561e-06


DD  step 304999 load imb.: force 12.0%
           Step           Time
         305000      610.00000

   Energies (kJ/mol)
           Bond          Angle    Proper Dih. Ryckaert-Bell.          LJ-14
    1.50032e+03    3.77497e+03    2.45930e+02    1.80183e+03    2.57583e+03
     Coulomb-14        LJ (SR)  Disper. corr.   Coulomb (SR)   Coul. recip.
    7.76288e+03    9.57792e+04   -4.55476e+03   -6.36320e+05    2.89108e+03
      Potential    Kinetic En.   Total Energy  Conserved En.    Temperature
   -5.24543e+05    8.57966e+04   -4.38746e+05   -4.34758e+05    3.00153e+02
 Pres. DC (bar) Pressure (bar)   Constr. rmsd
   -2.25026e+02    3.06329e+02    2.90169e-06


DD  step 309999 load imb.: force 11.4%
           Step           Time
         310000      620.00000

   Energies (kJ/mol)
           Bond          Angle    Proper Dih. Ryckaert-Bell.          LJ-14
    1.50073e+03    3.83473e+03    2.23957e+02    1.85956e+03    2.58956e+03
     Coulomb-14        LJ (SR)  Disper. corr.   Coulomb (SR)   Coul. recip.
    7.73864e+03    9.47828e+04   -4.56506e+03   -6.36244e+05    2.89046e+03
      Potential    Kinetic En.   Total Energy  Conserved En.    Temperature
   -5.25389e+05    8.57515e+04   -4.39637e+05   -4.34679e+05    2.99995e+02
 Pres. DC (bar) Pressure (bar)   Constr. rmsd
   -2.26043e+02    1.90304e+02    2.91732e-06


DD  step 314999 load imb.: force 13.5%
           Step           Time
         315000      630.00000

   Energies (kJ/mol)
           Bond          Angle    Proper Dih. Ryckaert-Bell.          LJ-14
    1.50200e+03    3.69561e+03    1.94025e+02    1.74905e+03    2.73262e+03
     Coulomb-14        LJ (SR)  Disper. corr.   Coulomb (SR)   Coul. recip.
    7.88046e+03    9.31202e+04   -4.55685e+03   -6.34207e+05    2.91447e+03
      Potential    Kinetic En.   Total Energy  Conserved En.    Temperature
   -5.24975e+05    8.63676e+04   -4.38608e+05   -4.34653e+05    3.02151e+02
 Pres. DC (bar) Pressure (bar)   Constr. rmsd
   -2.25231e+02    2.11269e+01    2.84222e-06


DD  step 319999 load imb.: force 10.9%
           Step           Time
         320000      640.00000

   Energies (kJ/mol)
           Bond          Angle    Proper Dih. Ryckaert-Bell.          LJ-14
    1.50352e+03    3.88519e+03    2.29155e+02    1.81568e+03    2.62514e+03
     Coulomb-14        LJ (SR)  Disper. corr.   Coulomb (SR)   Coul. recip.
    7.88661e+03    9.33222e+04   -4.56155e+03   -6.35015e+05    2.89184e+03
      Potential    Kinetic En.   Total Energy  Conserved En.    Temperature
   -5.25418e+05    8.57225e+04   -4.39695e+05   -4.34599e+05    2.99894e+02
 Pres. DC (bar) Pressure (bar)   Constr. rmsd
   -2.25696e+02    3.01329e+01    3.22678e-06


DD  step 324999 load imb.: force 13.1%
           Step           Time
         325000      650.00000

   Energies (kJ/mol)
           Bond          Angle    Proper Dih. Ryckaert-Bell.          LJ-14
    1.53165e+03    3.71073e+03    2.24591e+02    1.87229e+03    2.61448e+03
     Coulomb-14        LJ (SR)  Disper. corr.   Coulomb (SR)   Coul. recip.
    7.78398e+03    9.40996e+04   -4.55262e+03   -6.36120e+05    2.94777e+03
      Potential    Kinetic En.   Total Energy  Conserved En.    Temperature
   -5.25887e+05    8.62433e+04   -4.39644e+05   -4.34564e+05    3.01716e+02
 Pres. DC (bar) Pressure (bar)   Constr. rmsd
   -2.24814e+02    9.68955e+01    2.95376e-06


DD  step 329999 load imb.: force 11.2%
           Step           Time
         330000      660.00000

   Energies (kJ/mol)
           Bond          Angle    Proper Dih. Ryckaert-Bell.          LJ-14
    1.44620e+03    3.80873e+03    2.29678e+02    1.82426e+03    2.65153e+03
     Coulomb-14        LJ (SR)  Disper. corr.   Coulomb (SR)   Coul. recip.
    7.87442e+03    9.29714e+04   -4.55872e+03   -6.34480e+05    2.96098e+03
      Potential    Kinetic En.   Total Energy  Conserved En.    Temperature
   -5.25271e+05    8.56192e+04   -4.39652e+05   -4.34485e+05    2.99533e+02
 Pres. DC (bar) Pressure (bar)   Constr. rmsd
   -2.25416e+02   -6.64458e+01    2.65348e-06


DD  step 334999 load imb.: force 14.9%
           Step           Time
         335000      670.00000

   Energies (kJ/mol)
           Bond          Angle    Proper Dih. Ryckaert-Bell.          LJ-14
    1.55440e+03    3.79638e+03    2.60269e+02    1.91424e+03    2.63153e+03
     Coulomb-14        LJ (SR)  Disper. corr.   Coulomb (SR)   Coul. recip.
    7.90706e+03    9.26532e+04   -4.57105e+03   -6.33089e+05    2.96825e+03
      Potential    Kinetic En.   Total Energy  Conserved En.    Temperature
   -5.23974e+05    8.63636e+04   -4.37611e+05   -4.34438e+05    3.02137e+02
 Pres. DC (bar) Pressure (bar)   Constr. rmsd
   -2.26636e+02   -9.10163e+01    2.77743e-06


DD  step 339999 load imb.: force  8.9%
           Step           Time
         340000      680.00000

   Energies (kJ/mol)
           Bond          Angle    Proper Dih. Ryckaert-Bell.          LJ-14
    1.52091e+03    3.70886e+03    2.61147e+02    1.78787e+03    2.68542e+03
     Coulomb-14        LJ (SR)  Disper. corr.   Coulomb (SR)   Coul. recip.
    7.89513e+03    9.32577e+04   -4.57032e+03   -6.33193e+05    2.98867e+03
      Potential    Kinetic En.   Total Energy  Conserved En.    Temperature
   -5.23658e+05    8.51557e+04   -4.38502e+05   -4.34386e+05    2.97911e+02
 Pres. DC (bar) Pressure (bar)   Constr. rmsd
   -2.26563e+02    9.94102e+01    2.59697e-06


DD  step 344999 load imb.: force 13.2%
           Step           Time
         345000      690.00000

   Energies (kJ/mol)
           Bond          Angle    Proper Dih. Ryckaert-Bell.          LJ-14
    1.35213e+03    3.75429e+03    2.73583e+02    1.86532e+03    2.72557e+03
     Coulomb-14        LJ (SR)  Disper. corr.   Coulomb (SR)   Coul. recip.
    7.95874e+03    9.28492e+04   -4.55174e+03   -6.33829e+05    2.92410e+03
      Potential    Kinetic En.   Total Energy  Conserved En.    Temperature
   -5.24678e+05    8.51320e+04   -4.39546e+05   -4.34325e+05    2.97828e+02
 Pres. DC (bar) Pressure (bar)   Constr. rmsd
   -2.24728e+02   -1.08015e+02    2.68660e-06


DD  step 349999 load imb.: force 12.3%
           Step           Time
         350000      700.00000

   Energies (kJ/mol)
           Bond          Angle    Proper Dih. Ryckaert-Bell.          LJ-14
    1.53116e+03    3.85965e+03    2.68568e+02    1.94860e+03    2.66638e+03
     Coulomb-14        LJ (SR)  Disper. corr.   Coulomb (SR)   Coul. recip.
    7.81287e+03    9.25192e+04   -4.57333e+03   -6.32754e+05    2.90710e+03
      Potential    Kinetic En.   Total Energy  Conserved En.    Temperature
   -5.23814e+05    8.67524e+04   -4.37061e+05   -4.34279e+05    3.03497e+02
 Pres. DC (bar) Pressure (bar)   Constr. rmsd
   -2.26862e+02   -4.89658e+00    2.83137e-06


DD  step 354999 load imb.: force 15.3%
           Step           Time
         355000      710.00000

   Energies (kJ/mol)
           Bond          Angle    Proper Dih. Ryckaert-Bell.          LJ-14
    1.56782e+03    3.67448e+03    2.56304e+02    1.78620e+03    2.65660e+03
     Coulomb-14        LJ (SR)  Disper. corr.   Coulomb (SR)   Coul. recip.
    7.81922e+03    9.13426e+04   -4.56629e+03   -6.32951e+05    2.86494e+03
      Potential    Kinetic En.   Total Energy  Conserved En.    Temperature
   -5.25550e+05    8.63395e+04   -4.39210e+05   -4.34216e+05    3.02052e+02
 Pres. DC (bar) Pressure (bar)   Constr. rmsd
   -2.26164e+02   -4.14072e+02    3.53764e-06

Writing checkpoint, step 356050 at Sun Oct  1 15:11:42 2023



DD  step 359999 load imb.: force 12.4%
           Step           Time
         360000      720.00000

   Energies (kJ/mol)
           Bond          Angle    Proper Dih. Ryckaert-Bell.          LJ-14
    1.49742e+03    3.58887e+03    2.31136e+02    1.77418e+03    2.66982e+03
     Coulomb-14        LJ (SR)  Disper. corr.   Coulomb (SR)   Coul. recip.
    7.86106e+03    9.42835e+04   -4.56762e+03   -6.35627e+05    3.04131e+03
      Potential    Kinetic En.   Total Energy  Conserved En.    Temperature
   -5.25248e+05    8.58208e+04   -4.39427e+05   -4.34175e+05    3.00238e+02
 Pres. DC (bar) Pressure (bar)   Constr. rmsd
   -2.26296e+02    5.25182e+01    2.81505e-06


DD  step 364999 load imb.: force 12.9%
           Step           Time
         365000      730.00000

   Energies (kJ/mol)
           Bond          Angle    Proper Dih. Ryckaert-Bell.          LJ-14
    1.41702e+03    3.76874e+03    2.82109e+02    1.86048e+03    2.64242e+03
     Coulomb-14        LJ (SR)  Disper. corr.   Coulomb (SR)   Coul. recip.
    7.86857e+03    9.48407e+04   -4.55554e+03   -6.35474e+05    2.92805e+03
      Potential    Kinetic En.   Total Energy  Conserved En.    Temperature
   -5.24422e+05    8.57709e+04   -4.38651e+05   -4.34092e+05    3.00063e+02
 Pres. DC (bar) Pressure (bar)   Constr. rmsd
   -2.25102e+02    1.94861e+02    2.64608e-06


DD  step 369999 load imb.: force 12.5%
           Step           Time
         370000      740.00000

   Energies (kJ/mol)
           Bond          Angle    Proper Dih. Ryckaert-Bell.          LJ-14
    1.49965e+03    3.66523e+03    2.69692e+02    1.83877e+03    2.70049e+03
     Coulomb-14        LJ (SR)  Disper. corr.   Coulomb (SR)   Coul. recip.
    7.93966e+03    9.46227e+04   -4.55042e+03   -6.36214e+05    2.85190e+03
      Potential    Kinetic En.   Total Energy  Conserved En.    Temperature
   -5.25376e+05    8.56840e+04   -4.39692e+05   -4.34066e+05    2.99759e+02
 Pres. DC (bar) Pressure (bar)   Constr. rmsd
   -2.24597e+02    1.68997e+02    2.60132e-06


DD  step 374999 load imb.: force 12.3%
           Step           Time
         375000      750.00000

   Energies (kJ/mol)
           Bond          Angle    Proper Dih. Ryckaert-Bell.          LJ-14
    1.47626e+03    3.84256e+03    2.58513e+02    1.79718e+03    2.65289e+03
     Coulomb-14        LJ (SR)  Disper. corr.   Coulomb (SR)   Coul. recip.
    7.90580e+03    9.41252e+04   -4.55482e+03   -6.35153e+05    2.86586e+03
      Potential    Kinetic En.   Total Energy  Conserved En.    Temperature
   -5.24784e+05    8.59611e+04   -4.38822e+05   -4.33996e+05    3.00728e+02
 Pres. DC (bar) Pressure (bar)   Constr. rmsd
   -2.25032e+02    8.66718e+01    2.98315e-06


DD  step 379999 load imb.: force 12.6%
           Step           Time
         380000      760.00000

   Energies (kJ/mol)
           Bond          Angle    Proper Dih. Ryckaert-Bell.          LJ-14
    1.48334e+03    3.77121e+03    2.43386e+02    1.87371e+03    2.63851e+03
     Coulomb-14        LJ (SR)  Disper. corr.   Coulomb (SR)   Coul. recip.
    7.85136e+03    9.40934e+04   -4.57676e+03   -6.35026e+05    2.93088e+03
      Potential    Kinetic En.   Total Energy  Conserved En.    Temperature
   -5.24716e+05    8.61788e+04   -4.38538e+05   -4.33968e+05    3.01490e+02
 Pres. DC (bar) Pressure (bar)   Constr. rmsd
   -2.27202e+02    1.57439e+02    3.08087e-06


DD  step 384999 load imb.: force 15.8%
           Step           Time
         385000      770.00000

   Energies (kJ/mol)
           Bond          Angle    Proper Dih. Ryckaert-Bell.          LJ-14
    1.48857e+03    3.64518e+03    2.35865e+02    1.79996e+03    2.72323e+03
     Coulomb-14        LJ (SR)  Disper. corr.   Coulomb (SR)   Coul. recip.
    7.92129e+03    9.31533e+04   -4.55030e+03   -6.34289e+05    2.91705e+03
      Potential    Kinetic En.   Total Energy  Conserved En.    Temperature
   -5.24955e+05    8.62271e+04   -4.38728e+05   -4.33911e+05    3.01659e+02
 Pres. DC (bar) Pressure (bar)   Constr. rmsd
   -2.24586e+02   -2.10306e+02    2.66518e-06


DD  step 389999 load imb.: force 14.8%
           Step           Time
         390000      780.00000

   Energies (kJ/mol)
           Bond          Angle    Proper Dih. Ryckaert-Bell.          LJ-14
    1.43633e+03    3.79082e+03    2.33165e+02    1.88960e+03    2.71878e+03
     Coulomb-14        LJ (SR)  Disper. corr.   Coulomb (SR)   Coul. recip.
    8.01819e+03    9.40476e+04   -4.56491e+03   -6.35646e+05    2.94702e+03
      Potential    Kinetic En.   Total Energy  Conserved En.    Temperature
   -5.25129e+05    8.55088e+04   -4.39621e+05   -4.33854e+05    2.99146e+02
 Pres. DC (bar) Pressure (bar)   Constr. rmsd
   -2.26028e+02    2.90705e+01    2.90885e-06


DD  step 394999 load imb.: force 15.1%
           Step           Time
         395000      790.00000

   Energies (kJ/mol)
           Bond          Angle    Proper Dih. Ryckaert-Bell.          LJ-14
    1.60086e+03    3.86667e+03    2.46598e+02    1.79828e+03    2.65518e+03
     Coulomb-14        LJ (SR)  Disper. corr.   Coulomb (SR)   Coul. recip.
    7.88435e+03    9.23690e+04   -4.55700e+03   -6.32844e+05    2.95464e+03
      Potential    Kinetic En.   Total Energy  Conserved En.    Temperature
   -5.24025e+05    8.61749e+04   -4.37850e+05   -4.33800e+05    3.01476e+02
 Pres. DC (bar) Pressure (bar)   Constr. rmsd
   -2.25247e+02   -2.47347e+02    2.96894e-06


DD  step 399999 load imb.: force 14.5%
           Step           Time
         400000      800.00000

   Energies (kJ/mol)
           Bond          Angle    Proper Dih. Ryckaert-Bell.          LJ-14
    1.51971e+03    3.73820e+03    2.37258e+02    1.72805e+03    2.62266e+03
     Coulomb-14        LJ (SR)  Disper. corr.   Coulomb (SR)   Coul. recip.
    7.82060e+03    9.47359e+04   -4.58273e+03   -6.35951e+05    2.84674e+03
      Potential    Kinetic En.   Total Energy  Conserved En.    Temperature
   -5.25285e+05    8.57878e+04   -4.39497e+05   -4.33754e+05    3.00122e+02
 Pres. DC (bar) Pressure (bar)   Constr. rmsd
   -2.27794e+02    2.59198e+02    3.04055e-06


DD  step 404999 load imb.: force 18.2%
           Step           Time
         405000      810.00000

   Energies (kJ/mol)
           Bond          Angle    Proper Dih. Ryckaert-Bell.          LJ-14
    1.48248e+03    3.69899e+03    2.44675e+02    1.71403e+03    2.57200e+03
     Coulomb-14        LJ (SR)  Disper. corr.   Coulomb (SR)   Coul. recip.
    7.84563e+03    9.27112e+04   -4.55440e+03   -6.34380e+05    2.97776e+03
      Potential    Kinetic En.   Total Energy  Conserved En.    Temperature
   -5.25688e+05    8.56884e+04   -4.40000e+05   -4.33705e+05    2.99774e+02
 Pres. DC (bar) Pressure (bar)   Constr. rmsd
   -2.24990e+02   -3.21906e+02    3.11251e-06


DD  step 409999 load imb.: force 11.8%
           Step           Time
         410000      820.00000

   Energies (kJ/mol)
           Bond          Angle    Proper Dih. Ryckaert-Bell.          LJ-14
    1.43112e+03    3.85570e+03    2.47958e+02    1.74988e+03    2.71651e+03
     Coulomb-14        LJ (SR)  Disper. corr.   Coulomb (SR)   Coul. recip.
    7.88746e+03    9.45402e+04   -4.53854e+03   -6.36264e+05    2.92084e+03
      Potential    Kinetic En.   Total Energy  Conserved En.    Temperature
   -5.25453e+05    8.55853e+04   -4.39867e+05   -4.33625e+05    2.99414e+02
 Pres. DC (bar) Pressure (bar)   Constr. rmsd
   -2.23428e+02    3.31028e+01    2.93713e-06


DD  step 414999 load imb.: force 15.9%
           Step           Time
         415000      830.00000

   Energies (kJ/mol)
           Bond          Angle    Proper Dih. Ryckaert-Bell.          LJ-14
    1.50263e+03    3.80171e+03    2.88450e+02    1.80899e+03    2.63652e+03
     Coulomb-14        LJ (SR)  Disper. corr.   Coulomb (SR)   Coul. recip.
    7.78833e+03    9.27753e+04   -4.54720e+03   -6.33342e+05    2.98466e+03
      Potential    Kinetic En.   Total Energy  Conserved En.    Temperature
   -5.24302e+05    8.52024e+04   -4.39100e+05   -4.33571e+05    2.98074e+02
 Pres. DC (bar) Pressure (bar)   Constr. rmsd
   -2.24280e+02   -1.45054e+02    2.82583e-06


DD  step 419999 load imb.: force 14.0%
           Step           Time
         420000      840.00000

   Energies (kJ/mol)
           Bond          Angle    Proper Dih. Ryckaert-Bell.          LJ-14
    1.55289e+03    3.64606e+03    2.88770e+02    1.94961e+03    2.67293e+03
     Coulomb-14        LJ (SR)  Disper. corr.   Coulomb (SR)   Coul. recip.
    7.96603e+03    9.25545e+04   -4.54387e+03   -6.33131e+05    2.89426e+03
      Potential    Kinetic En.   Total Energy  Conserved En.    Temperature
   -5.24149e+05    8.62697e+04   -4.37880e+05   -4.33506e+05    3.01808e+02
 Pres. DC (bar) Pressure (bar)   Constr. rmsd
   -2.23952e+02   -2.42914e+02    3.02681e-06


DD  step 424999 load imb.: force 19.4%
           Step           Time
         425000      850.00000

   Energies (kJ/mol)
           Bond          Angle    Proper Dih. Ryckaert-Bell.          LJ-14
    1.37298e+03    3.85324e+03    2.47148e+02    1.86496e+03    2.64302e+03
     Coulomb-14        LJ (SR)  Disper. corr.   Coulomb (SR)   Coul. recip.
    7.87287e+03    9.34203e+04   -4.55582e+03   -6.35452e+05    2.96326e+03
      Potential    Kinetic En.   Total Energy  Conserved En.    Temperature
   -5.25770e+05    8.55412e+04   -4.40229e+05   -4.33461e+05    2.99259e+02
 Pres. DC (bar) Pressure (bar)   Constr. rmsd
   -2.25130e+02   -9.72912e+01    3.31501e-06


DD  step 429999 load imb.: force 15.5%
           Step           Time
         430000      860.00000

   Energies (kJ/mol)
           Bond          Angle    Proper Dih. Ryckaert-Bell.          LJ-14
    1.59386e+03    3.80637e+03    2.41059e+02    1.87191e+03    2.57899e+03
     Coulomb-14        LJ (SR)  Disper. corr.   Coulomb (SR)   Coul. recip.
    7.85079e+03    9.47589e+04   -4.57755e+03   -6.36981e+05    2.86922e+03
      Potential    Kinetic En.   Total Energy  Conserved En.    Temperature
   -5.25987e+05    8.57360e+04   -4.40251e+05   -4.33383e+05    2.99941e+02
 Pres. DC (bar) Pressure (bar)   Constr. rmsd
   -2.27281e+02    2.05965e+02    3.03476e-06


DD  step 434999 load imb.: force 16.6%
           Step           Time
         435000      870.00000

   Energies (kJ/mol)
           Bond          Angle    Proper Dih. Ryckaert-Bell.          LJ-14
    1.50236e+03    3.67209e+03    2.28518e+02    1.76291e+03    2.63117e+03
     Coulomb-14        LJ (SR)  Disper. corr.   Coulomb (SR)   Coul. recip.
    7.88285e+03    9.30798e+04   -4.55745e+03   -6.34579e+05    2.93567e+03
      Potential    Kinetic En.   Total Energy  Conserved En.    Temperature
   -5.25441e+05    8.61826e+04   -4.39258e+05   -4.33341e+05    3.01503e+02
 Pres. DC (bar) Pressure (bar)   Constr. rmsd
   -2.25291e+02   -5.66705e+01    3.25029e-06


DD  step 439999 load imb.: force 15.3%
           Step           Time
         440000      880.00000

   Energies (kJ/mol)
           Bond          Angle    Proper Dih. Ryckaert-Bell.          LJ-14
    1.44851e+03    3.74844e+03    2.23501e+02    1.83007e+03    2.58515e+03
     Coulomb-14        LJ (SR)  Disper. corr.   Coulomb (SR)   Coul. recip.
    7.84325e+03    9.32014e+04   -4.57289e+03   -6.34311e+05    3.01427e+03
      Potential    Kinetic En.   Total Energy  Conserved En.    Temperature
   -5.24989e+05    8.57992e+04   -4.39190e+05   -4.33307e+05    3.00162e+02
 Pres. DC (bar) Pressure (bar)   Constr. rmsd
   -2.26819e+02   -6.57145e+01    2.97366e-06


DD  step 444999 load imb.: force 15.3%
           Step           Time
         445000      890.00000

   Energies (kJ/mol)
           Bond          Angle    Proper Dih. Ryckaert-Bell.          LJ-14
    1.41593e+03    3.74923e+03    2.64662e+02    1.92965e+03    2.73727e+03
     Coulomb-14        LJ (SR)  Disper. corr.   Coulomb (SR)   Coul. recip.
    7.86675e+03    9.32526e+04   -4.55051e+03   -6.34410e+05    2.93130e+03
      Potential    Kinetic En.   Total Energy  Conserved En.    Temperature
   -5.24813e+05    8.57422e+04   -4.39071e+05   -4.33236e+05    2.99962e+02
 Pres. DC (bar) Pressure (bar)   Constr. rmsd
   -2.24606e+02   -1.53916e+01    3.11928e-06


DD  step 449999 load imb.: force 12.1%
           Step           Time
         450000      900.00000

   Energies (kJ/mol)
           Bond          Angle    Proper Dih. Ryckaert-Bell.          LJ-14
    1.56197e+03    3.71788e+03    2.76466e+02    1.87574e+03    2.66411e+03
     Coulomb-14        LJ (SR)  Disper. corr.   Coulomb (SR)   Coul. recip.
    7.94624e+03    9.26529e+04   -4.54825e+03   -6.34006e+05    2.89143e+03
      Potential    Kinetic En.   Total Energy  Conserved En.    Temperature
   -5.24968e+05    8.55227e+04   -4.39445e+05   -4.33167e+05    2.99195e+02
 Pres. DC (bar) Pressure (bar)   Constr. rmsd
   -2.24383e+02   -2.93955e+02    2.99582e-06


DD  step 454999 load imb.: force 14.1%
           Step           Time
         455000      910.00000

   Energies (kJ/mol)
           Bond          Angle    Proper Dih. Ryckaert-Bell.          LJ-14
    1.45499e+03    3.81188e+03    2.62653e+02    1.83801e+03    2.63927e+03
     Coulomb-14        LJ (SR)  Disper. corr.   Coulomb (SR)   Coul. recip.
    7.87352e+03    9.27387e+04   -4.55933e+03   -6.34063e+05    3.02009e+03
      Potential    Kinetic En.   Total Energy  Conserved En.    Temperature
   -5.24983e+05    8.63892e+04   -4.38594e+05   -4.33119e+05    3.02226e+02
 Pres. DC (bar) Pressure (bar)   Constr. rmsd
   -2.25477e+02   -1.69877e+02    3.06949e-06


DD  step 459999 load imb.: force 14.9%
           Step           Time
         460000      920.00000

   Energies (kJ/mol)
           Bond          Angle    Proper Dih. Ryckaert-Bell.          LJ-14
    1.46287e+03    3.79867e+03    2.83888e+02    1.82563e+03    2.74385e+03
     Coulomb-14        LJ (SR)  Disper. corr.   Coulomb (SR)   Coul. recip.
    7.96245e+03    9.46955e+04   -4.57373e+03   -6.36588e+05    2.95222e+03
      Potential    Kinetic En.   Total Energy  Conserved En.    Temperature
   -5.25436e+05    8.56262e+04   -4.39810e+05   -4.33054e+05    2.99557e+02
 Pres. DC (bar) Pressure (bar)   Constr. rmsd
   -2.26902e+02    2.73555e+02    2.69200e-06


DD  step 464999 load imb.: force 14.0%
           Step           Time
         465000      930.00000

   Energies (kJ/mol)
           Bond          Angle    Proper Dih. Ryckaert-Bell.          LJ-14
    1.38095e+03    3.78527e+03    2.70190e+02    1.91706e+03    2.64992e+03
     Coulomb-14        LJ (SR)  Disper. corr.   Coulomb (SR)   Coul. recip.
    7.91985e+03    9.52622e+04   -4.55347e+03   -6.37342e+05    2.89934e+03
      Potential    Kinetic En.   Total Energy  Conserved En.    Temperature
   -5.25810e+05    8.51986e+04   -4.40612e+05   -4.33009e+05    2.98061e+02
 Pres. DC (bar) Pressure (bar)   Constr. rmsd
   -2.24898e+02    1.91236e+02    2.70387e-06


DD  step 469999 load imb.: force 14.4%
           Step           Time
         470000      940.00000

   Energies (kJ/mol)
           Bond          Angle    Proper Dih. Ryckaert-Bell.          LJ-14
    1.40929e+03    3.70885e+03    2.28951e+02    1.82574e+03    2.57956e+03
     Coulomb-14        LJ (SR)  Disper. corr.   Coulomb (SR)   Coul. recip.
    7.76639e+03    9.21774e+04   -4.57238e+03   -6.34501e+05    2.87391e+03
      Potential    Kinetic En.   Total Energy  Conserved En.    Temperature
   -5.26504e+05    8.59233e+04   -4.40580e+05   -4.32972e+05    3.00596e+02
 Pres. DC (bar) Pressure (bar)   Constr. rmsd
   -2.26768e+02   -2.33650e+02    2.97192e-06


DD  step 474999 load imb.: force 16.1%
           Step           Time
         475000      950.00000

   Energies (kJ/mol)
           Bond          Angle    Proper Dih. Ryckaert-Bell.          LJ-14
    1.54138e+03    3.70012e+03    2.25017e+02    1.77849e+03    2.63387e+03
     Coulomb-14        LJ (SR)  Disper. corr.   Coulomb (SR)   Coul. recip.
    7.70202e+03    9.44359e+04   -4.58049e+03   -6.35075e+05    2.99850e+03
      Potential    Kinetic En.   Total Energy  Conserved En.    Temperature
   -5.24640e+05    8.57418e+04   -4.38899e+05   -4.32903e+05    2.99961e+02
 Pres. DC (bar) Pressure (bar)   Constr. rmsd
   -2.27572e+02    3.06796e+02    2.98388e-06


DD  step 479999 load imb.: force 16.2%
           Step           Time
         480000      960.00000

   Energies (kJ/mol)
           Bond          Angle    Proper Dih. Ryckaert-Bell.          LJ-14
    1.57362e+03    3.94382e+03    2.64883e+02    1.88586e+03    2.62258e+03
     Coulomb-14        LJ (SR)  Disper. corr.   Coulomb (SR)   Coul. recip.
    7.82562e+03    9.13762e+04   -4.54737e+03   -6.32322e+05    2.90158e+03
      Potential    Kinetic En.   Total Energy  Conserved En.    Temperature
   -5.24475e+05    8.55224e+04   -4.38953e+05   -4.32835e+05    2.99194e+02
 Pres. DC (bar) Pressure (bar)   Constr. rmsd
   -2.24297e+02   -3.84644e+02    2.72550e-06


DD  step 484999 load imb.: force 15.5%
           Step           Time
         485000      970.00000

   Energies (kJ/mol)
           Bond          Angle    Proper Dih. Ryckaert-Bell.          LJ-14
    1.63793e+03    3.78257e+03    2.67532e+02    1.86047e+03    2.61462e+03
     Coulomb-14        LJ (SR)  Disper. corr.   Coulomb (SR)   Coul. recip.
    7.88115e+03    9.32429e+04   -4.54855e+03   -6.33793e+05    2.94474e+03
      Potential    Kinetic En.   Total Energy  Conserved En.    Temperature
   -5.24110e+05    8.57730e+04   -4.38337e+05   -4.32772e+05    3.00070e+02
 Pres. DC (bar) Pressure (bar)   Constr. rmsd
   -2.24413e+02    3.98839e+01    2.98641e-06


DD  step 489999 load imb.: force 14.4%
           Step           Time
         490000      980.00000

   Energies (kJ/mol)
           Bond          Angle    Proper Dih. Ryckaert-Bell.          LJ-14
    1.49179e+03    3.69813e+03    2.53926e+02    1.88717e+03    2.72721e+03
     Coulomb-14        LJ (SR)  Disper. corr.   Coulomb (SR)   Coul. recip.
    7.75495e+03    9.32042e+04   -4.57150e+03   -6.33760e+05    2.85788e+03
      Potential    Kinetic En.   Total Energy  Conserved En.    Temperature
   -5.24456e+05    8.61478e+04   -4.38308e+05   -4.32745e+05    3.01382e+02
 Pres. DC (bar) Pressure (bar)   Constr. rmsd
   -2.26681e+02   -5.40677e+00    3.14958e-06


DD  step 494999 load imb.: force 13.1%
           Step           Time
         495000      990.00000

   Energies (kJ/mol)
           Bond          Angle    Proper Dih. Ryckaert-Bell.          LJ-14
    1.60007e+03    3.83969e+03    2.43656e+02    1.76832e+03    2.59291e+03
     Coulomb-14        LJ (SR)  Disper. corr.   Coulomb (SR)   Coul. recip.
    7.87189e+03    9.34284e+04   -4.56298e+03   -6.34281e+05    2.86467e+03
      Potential    Kinetic En.   Total Energy  Conserved En.    Temperature
   -5.24634e+05    8.64763e+04   -4.38158e+05   -4.32687e+05    3.02531e+02
 Pres. DC (bar) Pressure (bar)   Constr. rmsd
   -2.25838e+02   -1.03740e+02    2.84903e-06


DD  step 499999 load imb.: force 17.6%
           Step           Time
         500000     1000.00000

Writing checkpoint, step 500000 at Sun Oct  1 15:17:44 2023


   Energies (kJ/mol)
           Bond          Angle    Proper Dih. Ryckaert-Bell.          LJ-14
    1.37235e+03    3.76332e+03    2.19163e+02    1.77591e+03    2.72247e+03
     Coulomb-14        LJ (SR)  Disper. corr.   Coulomb (SR)   Coul. recip.
    7.95854e+03    9.47054e+04   -4.58328e+03   -6.36850e+05    2.88370e+03
      Potential    Kinetic En.   Total Energy  Conserved En.    Temperature
   -5.26032e+05    8.56663e+04   -4.40366e+05   -4.32633e+05    2.99697e+02
 Pres. DC (bar) Pressure (bar)   Constr. rmsd
   -2.27849e+02    2.33795e+02    3.00311e-06


	<======  ###############  ==>
	<====  A V E R A G E S  ====>
	<==  ###############  ======>

	Statistics over 500001 steps using 5001 frames

   Energies (kJ/mol)
           Bond          Angle    Proper Dih. Ryckaert-Bell.          LJ-14
    1.47094e+03    3.75290e+03    2.48450e+02    1.82160e+03    2.65787e+03
     Coulomb-14        LJ (SR)  Disper. corr.   Coulomb (SR)   Coul. recip.
    7.84273e+03    9.36217e+04   -4.55971e+03   -6.34773e+05    2.93214e+03
      Potential    Kinetic En.   Total Energy  Conserved En.    Temperature
   -5.24985e+05    8.57450e+04   -4.39240e+05   -4.35389e+05    2.99972e+02
 Pres. DC (bar) Pressure (bar)   Constr. rmsd
   -2.25515e+02    3.31005e+00    0.00000e+00

          Box-X          Box-Y          Box-Z
    6.95307e+00    6.95307e+00    6.95307e+00

   Total Virial (kJ/mol)
    2.85671e+04   -3.61386e+01   -1.28352e+01
   -3.61016e+01    2.85497e+04   -2.99769e+01
   -1.28259e+01   -3.00780e+01    2.85324e+04

   Pressure (bar)
    2.93847e+00    3.02220e+00    2.66862e+00
    3.01856e+00    3.14112e+00    1.67563e+00
    2.66772e+00    1.68566e+00    3.85055e+00

      T-Protein  T-non-Protein
    3.00037e+02    2.99967e+02


	M E G A - F L O P S   A C C O U N T I N G

 NB=Group-cutoff nonbonded kernels    NxN=N-by-N cluster Verlet kernels
 RF=Reaction-Field  VdW=Van der Waals  QSTab=quadratic-spline table
 W3=SPC/TIP3p  W4=TIP4p (single or pairs)
 V&F=Potential and force  V=Potential only  F=Force only

 Computing:                               M-Number         M-Flops  % Flops
-----------------------------------------------------------------------------
 Pair Search distance check          154695.752014     1392261.768     0.2
 NxN Ewald Elec. + LJ [F]           5287476.023600   348973417.558    51.9
 NxN Ewald Elec. + LJ [V&F]           53418.861824     5715818.215     0.9
 NxN Ewald Elec. [F]                4708384.498352   287211454.399    42.7
 NxN Ewald Elec. [V&F]                47567.311008     3995654.125     0.6
 1,4 nonbonded interactions            2553.005106      229770.460     0.0
 Calc Weights                         50814.101628     1829307.659     0.3
 Spread Q Bspline                   1084034.168064     2168068.336     0.3
 Gather F Bspline                   1084034.168064     6504205.008     1.0
 3D-FFT                             1395170.790336    11161366.323     1.7
 Solve PME                             2904.005808      185856.372     0.0
 Reset In Box                           338.692248        1016.077     0.0
 CG-CoM                                 338.793876        1016.382     0.0
 Bonds                                  512.501025       30237.560     0.0
 Angles                                1773.503547      297948.596     0.0
 Propers                                213.000426       48777.098     0.0
 RB-Dihedrals                          1975.003950      487825.976     0.1
 Virial                                1720.834416       30975.019     0.0
 Stop-CM                                169.413876        1694.139     0.0
 Calc-Ekin                             3387.667752       91467.029     0.0
 Lincs                                  479.500959       28770.058     0.0
 Lincs-Mat                             2388.004776        9552.019     0.0
 Constraint-V                         16913.033826      135304.271     0.0
 Constraint-Vir                        1643.382867       39441.189     0.0
 Settle                                5318.010636     1717717.435     0.3
-----------------------------------------------------------------------------
 Total                                               672288923.069   100.0
-----------------------------------------------------------------------------


    D O M A I N   D E C O M P O S I T I O N   S T A T I S T I C S

 av. #atoms communicated per step for force:  2 x 51436.6


Dynamic load balancing report:
 DLB got disabled because it was unsuitable to use.
 Average load imbalance: 13.3%.
 The balanceable part of the MD step is 54%, load imbalance is computed from this.
 Part of the total run time spent waiting due to load imbalance: 7.2%.

NOTE: 7.2 % of the available CPU time was lost due to load imbalance
      in the domain decomposition.
      You might want to use dynamic load balancing (option -dlb.)
      You can also consider manually changing the decomposition (option -dd);
      e.g. by using fewer domains along the box dimension in which there is
      considerable inhomogeneity in the simulated system.

     R E A L   C Y C L E   A N D   T I M E   A C C O U N T I N G

On 12 MPI ranks

 Computing:          Num   Num      Call    Wall time         Giga-Cycles
                     Ranks Threads  Count      (s)         total sum    %
-----------------------------------------------------------------------------
 Domain decomp.        12    1      10000      11.629        403.722   0.9
 DD comm. load         12    1       5240       0.075          2.612   0.0
 DD comm. bounds       12    1        477       0.019          0.652   0.0
 Neighbor search       12    1      10001      35.536       1233.704   2.8
 Comm. coord.          12    1     490000      37.686       1308.356   3.0
 Force                 12    1     500001     564.248      19588.992  44.7
 Wait + Comm. F        12    1     500001      19.448        675.180   1.5
 PME mesh              12    1     500001     545.653      18943.460  43.2
 NB X/F buffer ops.    12    1    1480001      13.692        475.341   1.1
 Write traj.           12    1        102       0.059          2.063   0.0
 Update                12    1     500001       4.748        164.822   0.4
 Constraints           12    1     500001      20.647        716.818   1.6
 Comm. energies        12    1      50001       4.358        151.285   0.3
 Rest                                           4.592        159.404   0.4
-----------------------------------------------------------------------------
 Total                                       1262.390      43826.413 100.0
-----------------------------------------------------------------------------
 Breakdown of PME mesh computation
-----------------------------------------------------------------------------
 PME redist. X/F       12    1    1000002     220.401       7651.675  17.5
 PME spread            12    1     500001      86.665       3008.740   6.9
 PME gather            12    1     500001     111.336       3865.267   8.8
 PME 3D-FFT            12    1    1000002      54.278       1884.376   4.3
 PME 3D-FFT Comm.      12    1    2000004      68.990       2395.138   5.5
 PME solve Elec        12    1     500001       3.418        118.653   0.3
-----------------------------------------------------------------------------

               Core t (s)   Wall t (s)        (%)
       Time:    15148.298     1262.390     1200.0
                 (ns/day)    (hour/ns)
Performance:       68.442        0.351
Finished mdrun on rank 0 Sun Oct  1 15:17:44 2023

