                      :-) GROMACS - gmx mdrun, 2020.4 (-:

                            GROMACS is written by:
     Emile Apol      Rossen Apostolov      Paul Bauer     Herman J.C. Berendsen
    Par Bjelkmar      Christian Blau   Viacheslav Bolnykh     Kevin Boyd    
 Aldert van Buuren   Rudi van Drunen     Anton Feenstra       Alan Gray     
  Gerrit Groenhof     Anca Hamuraru    Vincent Hindriksen  M. Eric Irrgang  
  Aleksei Iupinov   Christoph Junghans     Joe Jordan     Dimitrios Karkoulis
    Peter Kasson        Jiri Kraus      Carsten Kutzner      Per Larsson    
  Justin A. Lemkul    Viveca Lindahl    Magnus Lundborg     Erik Marklund   
    Pascal Merz     Pieter Meulenhoff    Teemu Murtola       Szilard Pall   
    Sander Pronk      Roland Schulz      Michael Shirts    Alexey Shvetsov  
   Alfons Sijbers     Peter Tieleman      Jon Vincent      Teemu Virolainen 
 Christian Wennberg    Maarten Wolf      Artem Zhmurov   
                           and the project leaders:
        Mark Abraham, Berk Hess, Erik Lindahl, and David van der Spoel

Copyright (c) 1991-2000, University of Groningen, The Netherlands.
Copyright (c) 2001-2019, The GROMACS development team at
Uppsala University, Stockholm University and
the Royal Institute of Technology, Sweden.
check out http://www.gromacs.org for more information.

GROMACS is free software; you can redistribute it and/or modify it
under the terms of the GNU Lesser General Public License
as published by the Free Software Foundation; either version 2.1
of the License, or (at your option) any later version.

GROMACS:      gmx mdrun, version 2020.4
Executable:   /share/apps/gromacs/2020.4/openmpi/intel/bin/gmx_mpi
Data prefix:  /share/apps/gromacs/2020.4/openmpi/intel
Working dir:  /home/hv454/comp-lab-class-2023/Week4/Setup/water_only_charmm/gromacs
Process ID:   1405150
Command line:
  gmx_mpi mdrun -v -deffnm step4.1_equilibration

GROMACS version:    2020.4
Verified release checksum is 79c2857291b034542c26e90512b92fd4b184a1c9d6fa59c55f2e24ccf14e7281
Precision:          single
Memory model:       64 bit
MPI library:        MPI
OpenMP support:     disabled
GPU support:        disabled
SIMD instructions:  AVX_512
FFT library:        Intel MKL
RDTSCP usage:       enabled
TNG support:        enabled
Hwloc support:      disabled
Tracing support:    disabled
C compiler:         /share/apps/openmpi/4.0.5/intel/bin/mpicc Intel 19.1.2.20200623
C compiler flags:   -xCORE-AVX512 -qopt-zmm-usage=high -mkl=sequential -wd3180 -std=gnu99 -ip -funroll-all-loops -alias-const -ansi-alias -no-prec-div -fimf-domain-exclusion=14 -qoverride-limits -O3 -DNDEBUG
C++ compiler:       /share/apps/openmpi/4.0.5/intel/bin/mpicxx Intel 19.1.2.20200623
C++ compiler flags: -xCORE-AVX512 -qopt-zmm-usage=high -mkl=sequential -wd3180 -ip -funroll-all-loops -alias-const -ansi-alias -no-prec-div -fimf-domain-exclusion=14 -qoverride-limits -O3 -DNDEBUG


Running on 1 node with total 48 cores, 48 logical cores
Hardware detected on host cs248.hpc.nyu.edu (the node of MPI rank 0):
  CPU info:
    Vendor: Intel
    Brand:  Intel(R) Xeon(R) Platinum 8268 CPU @ 2.90GHz
    Family: 6   Model: 85   Stepping: 7
    Features: aes apic avx avx2 avx512f avx512cd avx512bw avx512vl clfsh cmov cx8 cx16 f16c fma htt intel lahf mmx msr nonstop_tsc pcid pclmuldq pdcm pdpe1gb popcnt pse rdrnd rdtscp sse2 sse3 sse4.1 sse4.2 ssse3 tdt x2apic
    Number of AVX-512 FMA units: 2
  Hardware topology: Only logical processor count


++++ PLEASE READ AND CITE THE FOLLOWING REFERENCE ++++
M. J. Abraham, T. Murtola, R. Schulz, S. Páll, J. C. Smith, B. Hess, E.
Lindahl
GROMACS: High performance molecular simulations through multi-level
parallelism from laptops to supercomputers
SoftwareX 1 (2015) pp. 19-25
-------- -------- --- Thank You --- -------- --------


++++ PLEASE READ AND CITE THE FOLLOWING REFERENCE ++++
S. Páll, M. J. Abraham, C. Kutzner, B. Hess, E. Lindahl
Tackling Exascale Software Challenges in Molecular Dynamics Simulations with
GROMACS
In S. Markidis & E. Laure (Eds.), Solving Software Challenges for Exascale 8759 (2015) pp. 3-27
-------- -------- --- Thank You --- -------- --------


++++ PLEASE READ AND CITE THE FOLLOWING REFERENCE ++++
S. Pronk, S. Páll, R. Schulz, P. Larsson, P. Bjelkmar, R. Apostolov, M. R.
Shirts, J. C. Smith, P. M. Kasson, D. van der Spoel, B. Hess, and E. Lindahl
GROMACS 4.5: a high-throughput and highly parallel open source molecular
simulation toolkit
Bioinformatics 29 (2013) pp. 845-54
-------- -------- --- Thank You --- -------- --------


++++ PLEASE READ AND CITE THE FOLLOWING REFERENCE ++++
B. Hess and C. Kutzner and D. van der Spoel and E. Lindahl
GROMACS 4: Algorithms for highly efficient, load-balanced, and scalable
molecular simulation
J. Chem. Theory Comput. 4 (2008) pp. 435-447
-------- -------- --- Thank You --- -------- --------


++++ PLEASE READ AND CITE THE FOLLOWING REFERENCE ++++
D. van der Spoel, E. Lindahl, B. Hess, G. Groenhof, A. E. Mark and H. J. C.
Berendsen
GROMACS: Fast, Flexible and Free
J. Comp. Chem. 26 (2005) pp. 1701-1719
-------- -------- --- Thank You --- -------- --------


++++ PLEASE READ AND CITE THE FOLLOWING REFERENCE ++++
E. Lindahl and B. Hess and D. van der Spoel
GROMACS 3.0: A package for molecular simulation and trajectory analysis
J. Mol. Mod. 7 (2001) pp. 306-317
-------- -------- --- Thank You --- -------- --------


++++ PLEASE READ AND CITE THE FOLLOWING REFERENCE ++++
H. J. C. Berendsen, D. van der Spoel and R. van Drunen
GROMACS: A message-passing parallel molecular dynamics implementation
Comp. Phys. Comm. 91 (1995) pp. 43-56
-------- -------- --- Thank You --- -------- --------


++++ PLEASE CITE THE DOI FOR THIS VERSION OF GROMACS ++++
https://doi.org/10.5281/zenodo.4054979
-------- -------- --- Thank You --- -------- --------

Input Parameters:
   integrator                     = md
   tinit                          = 0
   dt                             = 0.001
   nsteps                         = 125000
   init-step                      = 0
   simulation-part                = 1
   comm-mode                      = Linear
   nstcomm                        = 100
   bd-fric                        = 0
   ld-seed                        = -1691034107
   emtol                          = 10
   emstep                         = 0.01
   niter                          = 20
   fcstep                         = 0
   nstcgsteep                     = 1000
   nbfgscorr                      = 10
   rtpi                           = 0.05
   nstxout                        = 0
   nstvout                        = 5000
   nstfout                        = 5000
   nstlog                         = 1000
   nstcalcenergy                  = 100
   nstenergy                      = 1000
   nstxout-compressed             = 5000
   compressed-x-precision         = 1000
   cutoff-scheme                  = Verlet
   nstlist                        = 20
   pbc                            = xyz
   periodic-molecules             = false
   verlet-buffer-tolerance        = 0.005
   rlist                          = 1.2
   coulombtype                    = PME
   coulomb-modifier               = Potential-shift
   rcoulomb-switch                = 0
   rcoulomb                       = 1.2
   epsilon-r                      = 1
   epsilon-rf                     = inf
   vdw-type                       = Cut-off
   vdw-modifier                   = Force-switch
   rvdw-switch                    = 1
   rvdw                           = 1.2
   DispCorr                       = No
   table-extension                = 1
   fourierspacing                 = 0.12
   fourier-nx                     = 42
   fourier-ny                     = 42
   fourier-nz                     = 42
   pme-order                      = 4
   ewald-rtol                     = 1e-05
   ewald-rtol-lj                  = 0.001
   lj-pme-comb-rule               = Geometric
   ewald-geometry                 = 0
   epsilon-surface                = 0
   tcoupl                         = Nose-Hoover
   nsttcouple                     = 20
   nh-chain-length                = 1
   print-nose-hoover-chain-variables = false
   pcoupl                         = No
   pcoupltype                     = Isotropic
   nstpcouple                     = -1
   tau-p                          = 1
   compressibility (3x3):
      compressibility[    0]={ 0.00000e+00,  0.00000e+00,  0.00000e+00}
      compressibility[    1]={ 0.00000e+00,  0.00000e+00,  0.00000e+00}
      compressibility[    2]={ 0.00000e+00,  0.00000e+00,  0.00000e+00}
   ref-p (3x3):
      ref-p[    0]={ 0.00000e+00,  0.00000e+00,  0.00000e+00}
      ref-p[    1]={ 0.00000e+00,  0.00000e+00,  0.00000e+00}
      ref-p[    2]={ 0.00000e+00,  0.00000e+00,  0.00000e+00}
   refcoord-scaling               = No
   posres-com (3):
      posres-com[0]= 0.00000e+00
      posres-com[1]= 0.00000e+00
      posres-com[2]= 0.00000e+00
   posres-comB (3):
      posres-comB[0]= 0.00000e+00
      posres-comB[1]= 0.00000e+00
      posres-comB[2]= 0.00000e+00
   QMMM                           = false
   QMconstraints                  = 0
   QMMMscheme                     = 0
   MMChargeScaleFactor            = 1
qm-opts:
   ngQM                           = 0
   constraint-algorithm           = Lincs
   continuation                   = false
   Shake-SOR                      = false
   shake-tol                      = 0.0001
   lincs-order                    = 4
   lincs-iter                     = 1
   lincs-warnangle                = 30
   nwall                          = 0
   wall-type                      = 9-3
   wall-r-linpot                  = -1
   wall-atomtype[0]               = -1
   wall-atomtype[1]               = -1
   wall-density[0]                = 0
   wall-density[1]                = 0
   wall-ewald-zfac                = 3
   pull                           = false
   awh                            = false
   rotation                       = false
   interactiveMD                  = false
   disre                          = No
   disre-weighting                = Conservative
   disre-mixed                    = false
   dr-fc                          = 1000
   dr-tau                         = 0
   nstdisreout                    = 100
   orire-fc                       = 0
   orire-tau                      = 0
   nstorireout                    = 100
   free-energy                    = no
   cos-acceleration               = 0
   deform (3x3):
      deform[    0]={ 0.00000e+00,  0.00000e+00,  0.00000e+00}
      deform[    1]={ 0.00000e+00,  0.00000e+00,  0.00000e+00}
      deform[    2]={ 0.00000e+00,  0.00000e+00,  0.00000e+00}
   simulated-tempering            = false
   swapcoords                     = no
   userint1                       = 0
   userint2                       = 0
   userint3                       = 0
   userint4                       = 0
   userreal1                      = 0
   userreal2                      = 0
   userreal3                      = 0
   userreal4                      = 0
   applied-forces:
     electric-field:
       x:
         E0                       = 0
         omega                    = 0
         t0                       = 0
         sigma                    = 0
       y:
         E0                       = 0
         omega                    = 0
         t0                       = 0
         sigma                    = 0
       z:
         E0                       = 0
         omega                    = 0
         t0                       = 0
         sigma                    = 0
     density-guided-simulation:
       active                     = false
       group                      = protein
       similarity-measure         = inner-product
       atom-spreading-weight      = unity
       force-constant             = 1e+09
       gaussian-transform-spreading-width = 0.2
       gaussian-transform-spreading-range-in-multiples-of-width = 4
       reference-density-filename = reference.mrc
       nst                        = 1
       normalize-densities        = true
       adaptive-force-scaling     = false
       adaptive-force-scaling-time-constant = 4
grpopts:
   nrdf:       23277
   ref-t:         300
   tau-t:           1
annealing:          No
annealing-npoints:           0
   acc:	           0           0           0
   nfreeze:           N           N           N
   energygrp-flags[  0]: 0

Changing nstlist from 20 to 100, rlist from 1.2 to 1.297


Initializing Domain Decomposition on 5 ranks
Dynamic load balancing: auto
Using update groups, nr 3887, average size 3.0 atoms, max. radius 0.078 nm
Minimum cell size due to atom displacement: 0.296 nm
Scaling the initial minimum size with 1/0.8 (option -dds) = 1.25
Using 0 separate PME ranks, as there are too few total
 ranks for efficient splitting
Optimizing the DD grid for 5 cells with a minimum initial size of 0.370 nm
The maximum allowed number of cells is: X 13 Y 13 Z 13
Domain decomposition grid 5 x 1 x 1, separate PME ranks 0
PME domain decomposition: 5 x 1 x 1
Domain decomposition rank 0, coordinates 0 0 0

The initial number of communication pulses is: X 2
The initial domain decomposition cell size is: X 1.00 nm

When dynamic load balancing gets turned on, these settings will change to:
The maximum number of communication pulses is: X 2
The minimum size for domain decomposition cells is 0.727 nm
The requested allowed shrink of DD cells (option -dds) is: 0.80
The allowed shrink of domain decomposition cells is: X 0.73

Using 5 MPI processes

Non-default thread affinity set, disabling internal thread affinity
System total charge: 0.000
Will do PME sum in reciprocal space for electrostatic interactions.

++++ PLEASE READ AND CITE THE FOLLOWING REFERENCE ++++
U. Essmann, L. Perera, M. L. Berkowitz, T. Darden, H. Lee and L. G. Pedersen 
A smooth particle mesh Ewald method
J. Chem. Phys. 103 (1995) pp. 8577-8592
-------- -------- --- Thank You --- -------- --------

Using a Gaussian width (1/beta) of 0.384195 nm for Ewald
Potential shift: LJ r^-12: -2.648e-01 r^-6: -5.349e-01, Ewald -8.333e-06
Initialized non-bonded Ewald tables, spacing: 1.02e-03 size: 1176


Using SIMD 4x8 nonbonded short-range kernels

Using a dual 4x8 pair-list setup updated with dynamic pruning:
  outer list: updated every 100 steps, buffer 0.097 nm, rlist 1.297 nm
  inner list: updated every  23 steps, buffer 0.001 nm, rlist 1.201 nm
At tolerance 0.005 kJ/mol/ps per atom, equivalent classical 1x1 list would be:
  outer list: updated every 100 steps, buffer 0.227 nm, rlist 1.427 nm
  inner list: updated every  23 steps, buffer 0.046 nm, rlist 1.246 nm

Removing pbc first time

++++ PLEASE READ AND CITE THE FOLLOWING REFERENCE ++++
S. Miyamoto and P. A. Kollman
SETTLE: An Analytical Version of the SHAKE and RATTLE Algorithms for Rigid
Water Models
J. Comp. Chem. 13 (1992) pp. 952-962
-------- -------- --- Thank You --- -------- --------


Linking all bonded interactions to atoms


Intra-simulation communication will occur every 20 steps.
There are: 11633 Atoms
Atom distribution over 5 domains: av 2326 stddev 114 min 2239 max 2455

Constraining the starting coordinates (step 0)

Constraining the coordinates at t0-dt (step 0)
Center of mass motion removal mode is Linear
We have the following groups for center of mass motion removal:
  0:  SOLV
RMS relative constraint deviation after constraining: 0.00e+00
Initial temperature: 297.858 K

Started mdrun on rank 0 Mon Nov 27 22:42:03 2023

           Step           Time
              0        0.00000

   Energies (kJ/mol)
        LJ (SR)   Coulomb (SR)   Coul. recip.      Potential    Kinetic En.
    2.53782e+04   -2.11644e+05    8.08110e+02   -1.85458e+05    2.88265e+04
   Total Energy  Conserved En.    Temperature Pressure (bar)
   -1.56631e+05   -1.56631e+05    2.97894e+02   -1.62027e+03


DD  step 99 load imb.: force 18.0%

step 200 Turning on dynamic load balancing, because the performance loss due to load imbalance is 12.3 %.

DD  step 999  vol min/aver 0.830  load imb.: force  1.4%
           Step           Time
           1000        1.00000

   Energies (kJ/mol)
        LJ (SR)   Coulomb (SR)   Coul. recip.      Potential    Kinetic En.
    1.77639e+04   -1.86416e+05    4.82966e+02   -1.68170e+05    2.27846e+04
   Total Energy  Conserved En.    Temperature Pressure (bar)
   -1.45385e+05   -1.55127e+05    2.35456e+02   -2.15729e+03


DD  step 1999  vol min/aver 0.820  load imb.: force  1.4%
           Step           Time
           2000        2.00000

   Energies (kJ/mol)
        LJ (SR)   Coulomb (SR)   Coul. recip.      Potential    Kinetic En.
    1.61240e+04   -1.79238e+05    5.27923e+02   -1.62586e+05    2.62388e+04
   Total Energy  Conserved En.    Temperature Pressure (bar)
   -1.36347e+05   -1.54710e+05    2.71152e+02   -1.91930e+03


DD  step 2999  vol min/aver 0.836  load imb.: force  0.9%
           Step           Time
           3000        3.00000

   Energies (kJ/mol)
        LJ (SR)   Coulomb (SR)   Coul. recip.      Potential    Kinetic En.
    1.68215e+04   -1.77496e+05    5.73744e+02   -1.60101e+05    2.88884e+04
   Total Energy  Conserved En.    Temperature Pressure (bar)
   -1.31213e+05   -1.54470e+05    2.98533e+02   -1.13836e+03


DD  step 3999  vol min/aver 0.849  load imb.: force  1.8%
           Step           Time
           4000        4.00000

   Energies (kJ/mol)
        LJ (SR)   Coulomb (SR)   Coul. recip.      Potential    Kinetic En.
    1.68752e+04   -1.77485e+05    5.59096e+02   -1.60050e+05    3.06582e+04
   Total Energy  Conserved En.    Temperature Pressure (bar)
   -1.29392e+05   -1.54244e+05    3.16823e+02   -9.48562e+02


DD  step 4999  vol min/aver 0.839  load imb.: force  1.5%
           Step           Time
           5000        5.00000

   Energies (kJ/mol)
        LJ (SR)   Coulomb (SR)   Coul. recip.      Potential    Kinetic En.
    1.64335e+04   -1.76115e+05    6.03777e+02   -1.59078e+05    2.98352e+04
   Total Energy  Conserved En.    Temperature Pressure (bar)
   -1.29243e+05   -1.54071e+05    3.08317e+02   -1.11564e+03


DD  step 5999  vol min/aver 0.821  load imb.: force  0.9%
           Step           Time
           6000        6.00000

   Energies (kJ/mol)
        LJ (SR)   Coulomb (SR)   Coul. recip.      Potential    Kinetic En.
    1.69343e+04   -1.78223e+05    5.95653e+02   -1.60693e+05    2.94799e+04
   Total Energy  Conserved En.    Temperature Pressure (bar)
   -1.31213e+05   -1.53991e+05    3.04645e+02   -1.14604e+03


DD  step 6999  vol min/aver 0.834  load imb.: force  2.3%
           Step           Time
           7000        7.00000

   Energies (kJ/mol)
        LJ (SR)   Coulomb (SR)   Coul. recip.      Potential    Kinetic En.
    1.72406e+04   -1.78551e+05    5.57866e+02   -1.60753e+05    2.88147e+04
   Total Energy  Conserved En.    Temperature Pressure (bar)
   -1.31938e+05   -1.53998e+05    2.97771e+02   -1.04912e+03


DD  step 7999  vol min/aver 0.865  load imb.: force  1.8%
           Step           Time
           8000        8.00000

   Energies (kJ/mol)
        LJ (SR)   Coulomb (SR)   Coul. recip.      Potential    Kinetic En.
    1.78051e+04   -1.79658e+05    5.55551e+02   -1.61297e+05    2.90618e+04
   Total Energy  Conserved En.    Temperature Pressure (bar)
   -1.32236e+05   -1.54005e+05    3.00324e+02   -8.06779e+02


DD  step 8999  vol min/aver 0.865  load imb.: force  0.8%
           Step           Time
           9000        9.00000

   Energies (kJ/mol)
        LJ (SR)   Coulomb (SR)   Coul. recip.      Potential    Kinetic En.
    1.70388e+04   -1.79200e+05    5.32688e+02   -1.61629e+05    2.88971e+04
   Total Energy  Conserved En.    Temperature Pressure (bar)
   -1.32732e+05   -1.54035e+05    2.98623e+02   -1.24046e+03


DD  step 9999  vol min/aver 0.870  load imb.: force  1.7%
           Step           Time
          10000       10.00000

   Energies (kJ/mol)
        LJ (SR)   Coulomb (SR)   Coul. recip.      Potential    Kinetic En.
    1.72199e+04   -1.78655e+05    5.57113e+02   -1.60878e+05    2.89952e+04
   Total Energy  Conserved En.    Temperature Pressure (bar)
   -1.31883e+05   -1.54101e+05    2.99637e+02   -9.81981e+02


DD  step 10999  vol min/aver 0.853  load imb.: force  0.5%
           Step           Time
          11000       11.00000

   Energies (kJ/mol)
        LJ (SR)   Coulomb (SR)   Coul. recip.      Potential    Kinetic En.
    1.74863e+04   -1.79095e+05    5.39536e+02   -1.61069e+05    2.92399e+04
   Total Energy  Conserved En.    Temperature Pressure (bar)
   -1.31829e+05   -1.54058e+05    3.02165e+02   -9.09607e+02


DD  step 11999  vol min/aver 0.855  load imb.: force  1.1%
           Step           Time
          12000       12.00000

   Energies (kJ/mol)
        LJ (SR)   Coulomb (SR)   Coul. recip.      Potential    Kinetic En.
    1.67080e+04   -1.78382e+05    5.82395e+02   -1.61091e+05    2.93936e+04
   Total Energy  Conserved En.    Temperature Pressure (bar)
   -1.31698e+05   -1.54013e+05    3.03754e+02   -1.24841e+03


DD  step 12999  vol min/aver 0.860  load imb.: force  1.0%
           Step           Time
          13000       13.00000

   Energies (kJ/mol)
        LJ (SR)   Coulomb (SR)   Coul. recip.      Potential    Kinetic En.
    1.70883e+04   -1.78888e+05    5.74049e+02   -1.61226e+05    2.86770e+04
   Total Energy  Conserved En.    Temperature Pressure (bar)
   -1.32549e+05   -1.54096e+05    2.96348e+02   -1.14893e+03


DD  step 13999  vol min/aver 0.869  load imb.: force  1.4%
           Step           Time
          14000       14.00000

   Energies (kJ/mol)
        LJ (SR)   Coulomb (SR)   Coul. recip.      Potential    Kinetic En.
    1.67885e+04   -1.78907e+05    6.06488e+02   -1.61512e+05    2.91929e+04
   Total Energy  Conserved En.    Temperature Pressure (bar)
   -1.32319e+05   -1.54030e+05    3.01680e+02   -1.34365e+03


DD  step 14999  vol min/aver 0.856  load imb.: force  1.1%
           Step           Time
          15000       15.00000

   Energies (kJ/mol)
        LJ (SR)   Coulomb (SR)   Coul. recip.      Potential    Kinetic En.
    1.72989e+04   -1.79146e+05    5.85364e+02   -1.61262e+05    2.86211e+04
   Total Energy  Conserved En.    Temperature Pressure (bar)
   -1.32640e+05   -1.54021e+05    2.95771e+02   -1.06817e+03


DD  step 15999  vol min/aver 0.874  load imb.: force  0.7%
           Step           Time
          16000       16.00000

   Energies (kJ/mol)
        LJ (SR)   Coulomb (SR)   Coul. recip.      Potential    Kinetic En.
    1.65235e+04   -1.79306e+05    5.02172e+02   -1.62280e+05    2.91582e+04
   Total Energy  Conserved En.    Temperature Pressure (bar)
   -1.33122e+05   -1.54067e+05    3.01321e+02   -1.59047e+03


DD  step 16999  vol min/aver 0.846  load imb.: force  0.9%
           Step           Time
          17000       17.00000

   Energies (kJ/mol)
        LJ (SR)   Coulomb (SR)   Coul. recip.      Potential    Kinetic En.
    1.63435e+04   -1.77781e+05    5.93879e+02   -1.60844e+05    2.88402e+04
   Total Energy  Conserved En.    Temperature Pressure (bar)
   -1.32004e+05   -1.54070e+05    2.98035e+02   -1.40725e+03


DD  step 17999  vol min/aver 0.836  load imb.: force  1.3%
           Step           Time
          18000       18.00000

   Energies (kJ/mol)
        LJ (SR)   Coulomb (SR)   Coul. recip.      Potential    Kinetic En.
    1.66755e+04   -1.77752e+05    5.93122e+02   -1.60483e+05    2.91234e+04
   Total Energy  Conserved En.    Temperature Pressure (bar)
   -1.31360e+05   -1.54046e+05    3.00961e+02   -1.19348e+03


DD  step 18999  vol min/aver 0.847  load imb.: force  0.4%
           Step           Time
          19000       19.00000

   Energies (kJ/mol)
        LJ (SR)   Coulomb (SR)   Coul. recip.      Potential    Kinetic En.
    1.64512e+04   -1.77688e+05    5.81954e+02   -1.60655e+05    2.86881e+04
   Total Energy  Conserved En.    Temperature Pressure (bar)
   -1.31967e+05   -1.54002e+05    2.96463e+02   -1.39309e+03


DD  step 19999  vol min/aver 0.845  load imb.: force  0.8%
           Step           Time
          20000       20.00000

   Energies (kJ/mol)
        LJ (SR)   Coulomb (SR)   Coul. recip.      Potential    Kinetic En.
    1.73509e+04   -1.78839e+05    5.96958e+02   -1.60891e+05    2.92022e+04
   Total Energy  Conserved En.    Temperature Pressure (bar)
   -1.31689e+05   -1.53997e+05    3.01775e+02   -9.34570e+02


DD  step 20999  vol min/aver 0.874  load imb.: force  1.4%
           Step           Time
          21000       21.00000

   Energies (kJ/mol)
        LJ (SR)   Coulomb (SR)   Coul. recip.      Potential    Kinetic En.
    1.75544e+04   -1.79319e+05    5.07759e+02   -1.61257e+05    2.91138e+04
   Total Energy  Conserved En.    Temperature Pressure (bar)
   -1.32143e+05   -1.54012e+05    3.00863e+02   -9.35105e+02


DD  step 21999  vol min/aver 0.857  load imb.: force  1.2%
           Step           Time
          22000       22.00000

   Energies (kJ/mol)
        LJ (SR)   Coulomb (SR)   Coul. recip.      Potential    Kinetic En.
    1.68695e+04   -1.78540e+05    5.84753e+02   -1.61086e+05    2.90805e+04
   Total Energy  Conserved En.    Temperature Pressure (bar)
   -1.32005e+05   -1.54014e+05    3.00518e+02   -1.27287e+03


DD  step 22999  vol min/aver 0.871  load imb.: force  0.4%
           Step           Time
          23000       23.00000

   Energies (kJ/mol)
        LJ (SR)   Coulomb (SR)   Coul. recip.      Potential    Kinetic En.
    1.66552e+04   -1.78476e+05    5.97347e+02   -1.61223e+05    2.89819e+04
   Total Energy  Conserved En.    Temperature Pressure (bar)
   -1.32241e+05   -1.53975e+05    2.99500e+02   -1.39771e+03


DD  step 23999  vol min/aver 0.874  load imb.: force  0.6%
           Step           Time
          24000       24.00000

   Energies (kJ/mol)
        LJ (SR)   Coulomb (SR)   Coul. recip.      Potential    Kinetic En.
    1.69004e+04   -1.78789e+05    5.59790e+02   -1.61328e+05    2.88881e+04
   Total Energy  Conserved En.    Temperature Pressure (bar)
   -1.32440e+05   -1.54015e+05    2.98530e+02   -1.27114e+03


DD  step 24999  vol min/aver 0.850  load imb.: force  2.0%
           Step           Time
          25000       25.00000

   Energies (kJ/mol)
        LJ (SR)   Coulomb (SR)   Coul. recip.      Potential    Kinetic En.
    1.72560e+04   -1.78937e+05    6.19627e+02   -1.61062e+05    2.86329e+04
   Total Energy  Conserved En.    Temperature Pressure (bar)
   -1.32429e+05   -1.54068e+05    2.95893e+02   -1.00532e+03


DD  step 25999  vol min/aver 0.868  load imb.: force  1.1%
           Step           Time
          26000       26.00000

   Energies (kJ/mol)
        LJ (SR)   Coulomb (SR)   Coul. recip.      Potential    Kinetic En.
    1.72344e+04   -1.78505e+05    5.72401e+02   -1.60698e+05    2.87073e+04
   Total Energy  Conserved En.    Temperature Pressure (bar)
   -1.31991e+05   -1.54069e+05    2.96661e+02   -1.00781e+03


DD  step 26999  vol min/aver 0.864  load imb.: force  1.7%
           Step           Time
          27000       27.00000

   Energies (kJ/mol)
        LJ (SR)   Coulomb (SR)   Coul. recip.      Potential    Kinetic En.
    1.68121e+04   -1.78142e+05    5.73237e+02   -1.60756e+05    2.91767e+04
   Total Energy  Conserved En.    Temperature Pressure (bar)
   -1.31580e+05   -1.54041e+05    3.01512e+02   -1.21109e+03


DD  step 27999  vol min/aver 0.859  load imb.: force  1.7%
           Step           Time
          28000       28.00000

   Energies (kJ/mol)
        LJ (SR)   Coulomb (SR)   Coul. recip.      Potential    Kinetic En.
    1.69737e+04   -1.77703e+05    5.83700e+02   -1.60145e+05    2.91130e+04
   Total Energy  Conserved En.    Temperature Pressure (bar)
   -1.31032e+05   -1.53992e+05    3.00854e+02   -1.07512e+03


DD  step 28999  vol min/aver 0.889  load imb.: force  1.5%
           Step           Time
          29000       29.00000

   Energies (kJ/mol)
        LJ (SR)   Coulomb (SR)   Coul. recip.      Potential    Kinetic En.
    1.68624e+04   -1.77993e+05    5.84484e+02   -1.60546e+05    2.89436e+04
   Total Energy  Conserved En.    Temperature Pressure (bar)
   -1.31603e+05   -1.53958e+05    2.99103e+02   -1.13965e+03


DD  step 29999  vol min/aver 0.859  load imb.: force  2.3%
           Step           Time
          30000       30.00000

   Energies (kJ/mol)
        LJ (SR)   Coulomb (SR)   Coul. recip.      Potential    Kinetic En.
    1.69054e+04   -1.78915e+05    5.58134e+02   -1.61452e+05    2.90136e+04
   Total Energy  Conserved En.    Temperature Pressure (bar)
   -1.32438e+05   -1.53988e+05    2.99827e+02   -1.26021e+03


DD  step 30999  vol min/aver 0.833  load imb.: force  1.8%
           Step           Time
          31000       31.00000

   Energies (kJ/mol)
        LJ (SR)   Coulomb (SR)   Coul. recip.      Potential    Kinetic En.
    1.72599e+04   -1.79418e+05    5.37673e+02   -1.61620e+05    2.90342e+04
   Total Energy  Conserved En.    Temperature Pressure (bar)
   -1.32586e+05   -1.53992e+05    3.00040e+02   -1.09541e+03


DD  step 31999  vol min/aver 0.861  load imb.: force  0.8%
           Step           Time
          32000       32.00000

   Energies (kJ/mol)
        LJ (SR)   Coulomb (SR)   Coul. recip.      Potential    Kinetic En.
    1.68809e+04   -1.78681e+05    6.01720e+02   -1.61198e+05    2.87793e+04
   Total Energy  Conserved En.    Temperature Pressure (bar)
   -1.32419e+05   -1.53984e+05    2.97406e+02   -1.23191e+03


DD  step 32999  vol min/aver 0.845  load imb.: force  1.7%
           Step           Time
          33000       33.00000

   Energies (kJ/mol)
        LJ (SR)   Coulomb (SR)   Coul. recip.      Potential    Kinetic En.
    1.71471e+04   -1.78966e+05    5.59937e+02   -1.61259e+05    2.91602e+04
   Total Energy  Conserved En.    Temperature Pressure (bar)
   -1.32099e+05   -1.54001e+05    3.01341e+02   -1.09569e+03


DD  step 33999  vol min/aver 0.855  load imb.: force  1.7%
           Step           Time
          34000       34.00000

   Energies (kJ/mol)
        LJ (SR)   Coulomb (SR)   Coul. recip.      Potential    Kinetic En.
    1.71435e+04   -1.79437e+05    5.85843e+02   -1.61707e+05    2.90019e+04
   Total Energy  Conserved En.    Temperature Pressure (bar)
   -1.32705e+05   -1.54013e+05    2.99706e+02   -1.20469e+03


DD  step 34999  vol min/aver 0.854  load imb.: force  1.5%
           Step           Time
          35000       35.00000

   Energies (kJ/mol)
        LJ (SR)   Coulomb (SR)   Coul. recip.      Potential    Kinetic En.
    1.73046e+04   -1.79086e+05    5.43180e+02   -1.61238e+05    2.85396e+04
   Total Energy  Conserved En.    Temperature Pressure (bar)
   -1.32698e+05   -1.54075e+05    2.94929e+02   -1.13077e+03


DD  step 35999  vol min/aver 0.846  load imb.: force  1.4%
           Step           Time
          36000       36.00000

   Energies (kJ/mol)
        LJ (SR)   Coulomb (SR)   Coul. recip.      Potential    Kinetic En.
    1.68487e+04   -1.78578e+05    5.26227e+02   -1.61203e+05    2.91735e+04
   Total Energy  Conserved En.    Temperature Pressure (bar)
   -1.32029e+05   -1.54067e+05    3.01479e+02   -1.24710e+03


DD  step 36999  vol min/aver 0.860  load imb.: force  0.7%
           Step           Time
          37000       37.00000

   Energies (kJ/mol)
        LJ (SR)   Coulomb (SR)   Coul. recip.      Potential    Kinetic En.
    1.66461e+04   -1.77655e+05    5.68270e+02   -1.60441e+05    2.86962e+04
   Total Energy  Conserved En.    Temperature Pressure (bar)
   -1.31745e+05   -1.54033e+05    2.96547e+02   -1.25509e+03


DD  step 37999  vol min/aver 0.862  load imb.: force  2.3%
           Step           Time
          38000       38.00000

   Energies (kJ/mol)
        LJ (SR)   Coulomb (SR)   Coul. recip.      Potential    Kinetic En.
    1.65329e+04   -1.77558e+05    5.75104e+02   -1.60450e+05    2.93334e+04
   Total Energy  Conserved En.    Temperature Pressure (bar)
   -1.31117e+05   -1.53959e+05    3.03132e+02   -1.29543e+03


DD  step 38999  vol min/aver 0.841  load imb.: force  1.2%
           Step           Time
          39000       39.00000

   Energies (kJ/mol)
        LJ (SR)   Coulomb (SR)   Coul. recip.      Potential    Kinetic En.
    1.70898e+04   -1.78921e+05    5.92445e+02   -1.61239e+05    2.95886e+04
   Total Energy  Conserved En.    Temperature Pressure (bar)
   -1.31650e+05   -1.53957e+05    3.05769e+02   -1.14159e+03


DD  step 39999  vol min/aver 0.854  load imb.: force  1.0%
           Step           Time
          40000       40.00000

   Energies (kJ/mol)
        LJ (SR)   Coulomb (SR)   Coul. recip.      Potential    Kinetic En.
    1.65830e+04   -1.77994e+05    5.46491e+02   -1.60865e+05    2.93290e+04
   Total Energy  Conserved En.    Temperature Pressure (bar)
   -1.31536e+05   -1.53934e+05    3.03086e+02   -1.33603e+03


DD  step 40999  vol min/aver 0.841  load imb.: force  0.8%
           Step           Time
          41000       41.00000

   Energies (kJ/mol)
        LJ (SR)   Coulomb (SR)   Coul. recip.      Potential    Kinetic En.
    1.71061e+04   -1.77956e+05    5.88601e+02   -1.60261e+05    2.89058e+04
   Total Energy  Conserved En.    Temperature Pressure (bar)
   -1.31356e+05   -1.53918e+05    2.98713e+02   -9.90431e+02


DD  step 41999  vol min/aver 0.846  load imb.: force  0.8%
           Step           Time
          42000       42.00000

   Energies (kJ/mol)
        LJ (SR)   Coulomb (SR)   Coul. recip.      Potential    Kinetic En.
    1.70006e+04   -1.78630e+05    5.68514e+02   -1.61061e+05    2.94639e+04
   Total Energy  Conserved En.    Temperature Pressure (bar)
   -1.31597e+05   -1.53886e+05    3.04481e+02   -1.18898e+03


DD  step 42999  vol min/aver 0.855  load imb.: force  0.9%
           Step           Time
          43000       43.00000

   Energies (kJ/mol)
        LJ (SR)   Coulomb (SR)   Coul. recip.      Potential    Kinetic En.
    1.78031e+04   -1.80382e+05    5.54114e+02   -1.62025e+05    2.85507e+04
   Total Energy  Conserved En.    Temperature Pressure (bar)
   -1.33474e+05   -1.53864e+05    2.95043e+02   -9.33806e+02


DD  step 43999  vol min/aver 0.868  load imb.: force  0.8%
           Step           Time
          44000       44.00000

   Energies (kJ/mol)
        LJ (SR)   Coulomb (SR)   Coul. recip.      Potential    Kinetic En.
    1.76328e+04   -1.79929e+05    5.76611e+02   -1.61720e+05    2.85630e+04
   Total Energy  Conserved En.    Temperature Pressure (bar)
   -1.33157e+05   -1.53951e+05    2.95170e+02   -9.59883e+02


DD  step 44999  vol min/aver 0.841  load imb.: force  1.0%
           Step           Time
          45000       45.00000

   Energies (kJ/mol)
        LJ (SR)   Coulomb (SR)   Coul. recip.      Potential    Kinetic En.
    1.71884e+04   -1.79492e+05    5.30644e+02   -1.61773e+05    2.91626e+04
   Total Energy  Conserved En.    Temperature Pressure (bar)
   -1.32610e+05   -1.53942e+05    3.01367e+02   -1.24852e+03


DD  step 45999  vol min/aver 0.867  load imb.: force  1.7%
           Step           Time
          46000       46.00000

   Energies (kJ/mol)
        LJ (SR)   Coulomb (SR)   Coul. recip.      Potential    Kinetic En.
    1.70194e+04   -1.78721e+05    5.66174e+02   -1.61135e+05    2.87565e+04
   Total Energy  Conserved En.    Temperature Pressure (bar)
   -1.32379e+05   -1.53969e+05    2.97170e+02   -1.21058e+03


DD  step 46999  vol min/aver 0.882  load imb.: force  1.0%
           Step           Time
          47000       47.00000

   Energies (kJ/mol)
        LJ (SR)   Coulomb (SR)   Coul. recip.      Potential    Kinetic En.
    1.65765e+04   -1.78028e+05    5.80583e+02   -1.60871e+05    2.88487e+04
   Total Energy  Conserved En.    Temperature Pressure (bar)
   -1.32022e+05   -1.53902e+05    2.98122e+02   -1.36061e+03


DD  step 47999  vol min/aver 0.903  load imb.: force  0.6%
           Step           Time
          48000       48.00000

   Energies (kJ/mol)
        LJ (SR)   Coulomb (SR)   Coul. recip.      Potential    Kinetic En.
    1.71362e+04   -1.78345e+05    5.84112e+02   -1.60625e+05    2.88465e+04
   Total Energy  Conserved En.    Temperature Pressure (bar)
   -1.31778e+05   -1.53889e+05    2.98100e+02   -1.05374e+03


DD  step 48999  vol min/aver 0.887  load imb.: force  2.1%
           Step           Time
          49000       49.00000

   Energies (kJ/mol)
        LJ (SR)   Coulomb (SR)   Coul. recip.      Potential    Kinetic En.
    1.71361e+04   -1.79112e+05    5.22924e+02   -1.61453e+05    2.88734e+04
   Total Energy  Conserved En.    Temperature Pressure (bar)
   -1.32579e+05   -1.53927e+05    2.98378e+02   -1.12694e+03


DD  step 49999  vol min/aver 0.843  load imb.: force  2.4%
           Step           Time
          50000       50.00000

   Energies (kJ/mol)
        LJ (SR)   Coulomb (SR)   Coul. recip.      Potential    Kinetic En.
    1.65587e+04   -1.78542e+05    5.89993e+02   -1.61393e+05    2.86644e+04
   Total Energy  Conserved En.    Temperature Pressure (bar)
   -1.32728e+05   -1.53917e+05    2.96218e+02   -1.47308e+03


DD  step 50999  vol min/aver 0.857  load imb.: force  1.8%
           Step           Time
          51000       51.00000

   Energies (kJ/mol)
        LJ (SR)   Coulomb (SR)   Coul. recip.      Potential    Kinetic En.
    1.64880e+04   -1.78285e+05    5.91217e+02   -1.61206e+05    2.91371e+04
   Total Energy  Conserved En.    Temperature Pressure (bar)
   -1.32069e+05   -1.53940e+05    3.01103e+02   -1.45716e+03


DD  step 51999  vol min/aver 0.848  load imb.: force  0.5%
           Step           Time
          52000       52.00000

   Energies (kJ/mol)
        LJ (SR)   Coulomb (SR)   Coul. recip.      Potential    Kinetic En.
    1.68021e+04   -1.78503e+05    5.39458e+02   -1.61162e+05    2.90604e+04
   Total Energy  Conserved En.    Temperature Pressure (bar)
   -1.32101e+05   -1.53917e+05    3.00310e+02   -1.23930e+03


DD  step 52999  vol min/aver 0.856  load imb.: force  1.8%
           Step           Time
          53000       53.00000

   Energies (kJ/mol)
        LJ (SR)   Coulomb (SR)   Coul. recip.      Potential    Kinetic En.
    1.72671e+04   -1.79483e+05    5.41699e+02   -1.61674e+05    2.90761e+04
   Total Energy  Conserved En.    Temperature Pressure (bar)
   -1.32598e+05   -1.53953e+05    3.00472e+02   -1.09025e+03


DD  step 53999  vol min/aver 0.860  load imb.: force  2.1%
           Step           Time
          54000       54.00000

   Energies (kJ/mol)
        LJ (SR)   Coulomb (SR)   Coul. recip.      Potential    Kinetic En.
    1.67046e+04   -1.78486e+05    5.62098e+02   -1.61219e+05    2.89740e+04
   Total Energy  Conserved En.    Temperature Pressure (bar)
   -1.32246e+05   -1.53952e+05    2.99417e+02   -1.34182e+03


DD  step 54999  vol min/aver 0.871  load imb.: force  0.9%
           Step           Time
          55000       55.00000

   Energies (kJ/mol)
        LJ (SR)   Coulomb (SR)   Coul. recip.      Potential    Kinetic En.
    1.75149e+04   -1.79066e+05    5.98860e+02   -1.60952e+05    2.88864e+04
   Total Energy  Conserved En.    Temperature Pressure (bar)
   -1.32066e+05   -1.53903e+05    2.98512e+02   -9.47086e+02


DD  step 55999  vol min/aver 0.855  load imb.: force  0.6%
           Step           Time
          56000       56.00000

   Energies (kJ/mol)
        LJ (SR)   Coulomb (SR)   Coul. recip.      Potential    Kinetic En.
    1.74112e+04   -1.79147e+05    5.56369e+02   -1.61179e+05    2.91234e+04
   Total Energy  Conserved En.    Temperature Pressure (bar)
   -1.32056e+05   -1.53880e+05    3.00961e+02   -9.31048e+02


DD  step 56999  vol min/aver 0.848  load imb.: force  1.3%
           Step           Time
          57000       57.00000

   Energies (kJ/mol)
        LJ (SR)   Coulomb (SR)   Coul. recip.      Potential    Kinetic En.
    1.76724e+04   -1.79094e+05    6.10257e+02   -1.60812e+05    2.88352e+04
   Total Energy  Conserved En.    Temperature Pressure (bar)
   -1.31977e+05   -1.53834e+05    2.97983e+02   -7.57076e+02


DD  step 57999  vol min/aver 0.857  load imb.: force  1.1%
           Step           Time
          58000       58.00000

   Energies (kJ/mol)
        LJ (SR)   Coulomb (SR)   Coul. recip.      Potential    Kinetic En.
    1.79610e+04   -1.80128e+05    6.05110e+02   -1.61562e+05    2.88017e+04
   Total Energy  Conserved En.    Temperature Pressure (bar)
   -1.32761e+05   -1.53877e+05    2.97637e+02   -7.67833e+02


DD  step 58999  vol min/aver 0.840  load imb.: force  1.1%
           Step           Time
          59000       59.00000

   Energies (kJ/mol)
        LJ (SR)   Coulomb (SR)   Coul. recip.      Potential    Kinetic En.
    1.68208e+04   -1.78176e+05    5.63678e+02   -1.60791e+05    2.89059e+04
   Total Energy  Conserved En.    Temperature Pressure (bar)
   -1.31885e+05   -1.53920e+05    2.98714e+02   -1.21061e+03


DD  step 59999  vol min/aver 0.858  load imb.: force  0.6%
           Step           Time
          60000       60.00000

   Energies (kJ/mol)
        LJ (SR)   Coulomb (SR)   Coul. recip.      Potential    Kinetic En.
    1.71754e+04   -1.78562e+05    5.40170e+02   -1.60847e+05    2.89961e+04
   Total Energy  Conserved En.    Temperature Pressure (bar)
   -1.31851e+05   -1.53890e+05    2.99646e+02   -9.56497e+02


DD  step 60999  vol min/aver 0.854  load imb.: force  1.4%
           Step           Time
          61000       61.00000

   Energies (kJ/mol)
        LJ (SR)   Coulomb (SR)   Coul. recip.      Potential    Kinetic En.
    1.70416e+04   -1.78798e+05    5.73774e+02   -1.61183e+05    2.90766e+04
   Total Energy  Conserved En.    Temperature Pressure (bar)
   -1.32107e+05   -1.53877e+05    3.00478e+02   -1.09904e+03


DD  step 61999  vol min/aver 0.829  load imb.: force  1.0%
           Step           Time
          62000       62.00000

   Energies (kJ/mol)
        LJ (SR)   Coulomb (SR)   Coul. recip.      Potential    Kinetic En.
    1.72018e+04   -1.78713e+05    6.10419e+02   -1.60901e+05    2.87797e+04
   Total Energy  Conserved En.    Temperature Pressure (bar)
   -1.32121e+05   -1.53907e+05    2.97409e+02   -9.97605e+02


DD  step 62999  vol min/aver 0.832  load imb.: force  2.1%
           Step           Time
          63000       63.00000

   Energies (kJ/mol)
        LJ (SR)   Coulomb (SR)   Coul. recip.      Potential    Kinetic En.
    1.72677e+04   -1.79496e+05    5.55839e+02   -1.61672e+05    2.86374e+04
   Total Energy  Conserved En.    Temperature Pressure (bar)
   -1.33035e+05   -1.53873e+05    2.95939e+02   -1.10927e+03


DD  step 63999  vol min/aver 0.836  load imb.: force  0.8%
           Step           Time
          64000       64.00000

   Energies (kJ/mol)
        LJ (SR)   Coulomb (SR)   Coul. recip.      Potential    Kinetic En.
    1.68890e+04   -1.78324e+05    5.80367e+02   -1.60855e+05    2.90952e+04
   Total Energy  Conserved En.    Temperature Pressure (bar)
   -1.31760e+05   -1.53883e+05    3.00670e+02   -1.13654e+03


DD  step 64999  vol min/aver 0.856  load imb.: force  0.8%
           Step           Time
          65000       65.00000

   Energies (kJ/mol)
        LJ (SR)   Coulomb (SR)   Coul. recip.      Potential    Kinetic En.
    1.76477e+04   -1.79328e+05    5.95439e+02   -1.61085e+05    2.92626e+04
   Total Energy  Conserved En.    Temperature Pressure (bar)
   -1.31822e+05   -1.53857e+05    3.02400e+02   -7.77939e+02


DD  step 65999  vol min/aver 0.848  load imb.: force  1.6%
           Step           Time
          66000       66.00000

   Energies (kJ/mol)
        LJ (SR)   Coulomb (SR)   Coul. recip.      Potential    Kinetic En.
    1.70024e+04   -1.78662e+05    5.55723e+02   -1.61104e+05    2.94148e+04
   Total Energy  Conserved En.    Temperature Pressure (bar)
   -1.31689e+05   -1.53845e+05    3.03973e+02   -1.14746e+03


DD  step 66999  vol min/aver 0.857  load imb.: force  1.3%
           Step           Time
          67000       67.00000

   Energies (kJ/mol)
        LJ (SR)   Coulomb (SR)   Coul. recip.      Potential    Kinetic En.
    1.73128e+04   -1.78880e+05    6.22478e+02   -1.60945e+05    2.87571e+04
   Total Energy  Conserved En.    Temperature Pressure (bar)
   -1.32188e+05   -1.53821e+05    2.97176e+02   -1.00952e+03


DD  step 67999  vol min/aver 0.878  load imb.: force  2.0%
           Step           Time
          68000       68.00000

   Energies (kJ/mol)
        LJ (SR)   Coulomb (SR)   Coul. recip.      Potential    Kinetic En.
    1.67748e+04   -1.78735e+05    5.70476e+02   -1.61390e+05    2.88602e+04
   Total Energy  Conserved En.    Temperature Pressure (bar)
   -1.32529e+05   -1.53864e+05    2.98241e+02   -1.37770e+03


DD  step 68999  vol min/aver 0.895  load imb.: force  1.2%
           Step           Time
          69000       69.00000

   Energies (kJ/mol)
        LJ (SR)   Coulomb (SR)   Coul. recip.      Potential    Kinetic En.
    1.75885e+04   -1.79956e+05    5.58032e+02   -1.61810e+05    2.87504e+04
   Total Energy  Conserved En.    Temperature Pressure (bar)
   -1.33059e+05   -1.53873e+05    2.97107e+02   -1.04452e+03


DD  step 69999  vol min/aver 0.883  load imb.: force  1.2%
           Step           Time
          70000       70.00000

   Energies (kJ/mol)
        LJ (SR)   Coulomb (SR)   Coul. recip.      Potential    Kinetic En.
    1.68379e+04   -1.78655e+05    5.79138e+02   -1.61238e+05    2.89298e+04
   Total Energy  Conserved En.    Temperature Pressure (bar)
   -1.32308e+05   -1.53893e+05    2.98960e+02   -1.22992e+03


DD  step 70999  vol min/aver 0.847  load imb.: force  1.6%
           Step           Time
          71000       71.00000

   Energies (kJ/mol)
        LJ (SR)   Coulomb (SR)   Coul. recip.      Potential    Kinetic En.
    1.65113e+04   -1.78896e+05    5.44409e+02   -1.61840e+05    2.91353e+04
   Total Energy  Conserved En.    Temperature Pressure (bar)
   -1.32705e+05   -1.53913e+05    3.01084e+02   -1.51040e+03


DD  step 71999  vol min/aver 0.834  load imb.: force  0.7%
           Step           Time
          72000       72.00000

   Energies (kJ/mol)
        LJ (SR)   Coulomb (SR)   Coul. recip.      Potential    Kinetic En.
    1.70835e+04   -1.79252e+05    5.61588e+02   -1.61607e+05    2.87234e+04
   Total Energy  Conserved En.    Temperature Pressure (bar)
   -1.32883e+05   -1.53900e+05    2.96828e+02   -1.26523e+03


DD  step 72999  vol min/aver 0.844  load imb.: force  0.7%
           Step           Time
          73000       73.00000

   Energies (kJ/mol)
        LJ (SR)   Coulomb (SR)   Coul. recip.      Potential    Kinetic En.
    1.65645e+04   -1.78141e+05    5.73802e+02   -1.61002e+05    2.85448e+04
   Total Energy  Conserved En.    Temperature Pressure (bar)
   -1.32457e+05   -1.53899e+05    2.94982e+02   -1.36065e+03


DD  step 73999  vol min/aver 0.853  load imb.: force  1.0%
           Step           Time
          74000       74.00000

   Energies (kJ/mol)
        LJ (SR)   Coulomb (SR)   Coul. recip.      Potential    Kinetic En.
    1.66591e+04   -1.78190e+05    5.26337e+02   -1.61005e+05    2.88506e+04
   Total Energy  Conserved En.    Temperature Pressure (bar)
   -1.32154e+05   -1.53921e+05    2.98143e+02   -1.27725e+03


DD  step 74999  vol min/aver 0.847  load imb.: force  0.5%
           Step           Time
          75000       75.00000

   Energies (kJ/mol)
        LJ (SR)   Coulomb (SR)   Coul. recip.      Potential    Kinetic En.
    1.73746e+04   -1.78727e+05    5.94028e+02   -1.60759e+05    2.91262e+04
   Total Energy  Conserved En.    Temperature Pressure (bar)
   -1.31633e+05   -1.53878e+05    3.00990e+02   -8.99500e+02


DD  step 75999  vol min/aver 0.831  load imb.: force  1.5%
           Step           Time
          76000       76.00000

   Energies (kJ/mol)
        LJ (SR)   Coulomb (SR)   Coul. recip.      Potential    Kinetic En.
    1.76831e+04   -1.79489e+05    5.38846e+02   -1.61267e+05    2.91498e+04
   Total Energy  Conserved En.    Temperature Pressure (bar)
   -1.32117e+05   -1.53869e+05    3.01234e+02   -8.74811e+02


DD  step 76999  vol min/aver 0.861  load imb.: force  1.5%
           Step           Time
          77000       77.00000

   Energies (kJ/mol)
        LJ (SR)   Coulomb (SR)   Coul. recip.      Potential    Kinetic En.
    1.72121e+04   -1.78377e+05    5.93676e+02   -1.60571e+05    2.90978e+04
   Total Energy  Conserved En.    Temperature Pressure (bar)
   -1.31473e+05   -1.53839e+05    3.00697e+02   -9.78463e+02


DD  step 77999  vol min/aver 0.857  load imb.: force  2.1%
           Step           Time
          78000       78.00000

   Energies (kJ/mol)
        LJ (SR)   Coulomb (SR)   Coul. recip.      Potential    Kinetic En.
    1.77070e+04   -1.79371e+05    5.26660e+02   -1.61137e+05    2.90421e+04
   Total Energy  Conserved En.    Temperature Pressure (bar)
   -1.32095e+05   -1.53865e+05    3.00122e+02   -7.67684e+02


DD  step 78999  vol min/aver 0.861  load imb.: force  0.7%
           Step           Time
          79000       79.00000

   Energies (kJ/mol)
        LJ (SR)   Coulomb (SR)   Coul. recip.      Potential    Kinetic En.
    1.68037e+04   -1.79314e+05    5.46978e+02   -1.61963e+05    2.88942e+04
   Total Energy  Conserved En.    Temperature Pressure (bar)
   -1.33069e+05   -1.53867e+05    2.98592e+02   -1.35097e+03


DD  step 79999  vol min/aver 0.882  load imb.: force  1.0%
           Step           Time
          80000       80.00000

   Energies (kJ/mol)
        LJ (SR)   Coulomb (SR)   Coul. recip.      Potential    Kinetic En.
    1.69724e+04   -1.78750e+05    5.80566e+02   -1.61197e+05    2.92980e+04
   Total Energy  Conserved En.    Temperature Pressure (bar)
   -1.31899e+05   -1.53810e+05    3.02766e+02   -1.16769e+03


DD  step 80999  vol min/aver 0.904  load imb.: force  0.6%
           Step           Time
          81000       81.00000

   Energies (kJ/mol)
        LJ (SR)   Coulomb (SR)   Coul. recip.      Potential    Kinetic En.
    1.70999e+04   -1.79122e+05    5.23450e+02   -1.61499e+05    2.89800e+04
   Total Energy  Conserved En.    Temperature Pressure (bar)
   -1.32519e+05   -1.53836e+05    2.99479e+02   -1.18439e+03


DD  step 81999  vol min/aver 0.912  load imb.: force  1.3%
           Step           Time
          82000       82.00000

   Energies (kJ/mol)
        LJ (SR)   Coulomb (SR)   Coul. recip.      Potential    Kinetic En.
    1.72614e+04   -1.79504e+05    5.29847e+02   -1.61713e+05    2.88652e+04
   Total Energy  Conserved En.    Temperature Pressure (bar)
   -1.32848e+05   -1.53872e+05    2.98293e+02   -1.08967e+03


DD  step 82999  vol min/aver 0.883  load imb.: force  1.0%
           Step           Time
          83000       83.00000

   Energies (kJ/mol)
        LJ (SR)   Coulomb (SR)   Coul. recip.      Potential    Kinetic En.
    1.68536e+04   -1.79005e+05    5.46963e+02   -1.61604e+05    2.87302e+04
   Total Energy  Conserved En.    Temperature Pressure (bar)
   -1.32874e+05   -1.53849e+05    2.96898e+02   -1.35058e+03


DD  step 83999  vol min/aver 0.834  load imb.: force  0.6%
           Step           Time
          84000       84.00000

   Energies (kJ/mol)
        LJ (SR)   Coulomb (SR)   Coul. recip.      Potential    Kinetic En.
    1.65195e+04   -1.78358e+05    5.85545e+02   -1.61253e+05    2.87028e+04
   Total Energy  Conserved En.    Temperature Pressure (bar)
   -1.32550e+05   -1.53826e+05    2.96615e+02   -1.45733e+03


DD  step 84999  vol min/aver 0.863  load imb.: force  1.6%
           Step           Time
          85000       85.00000

   Energies (kJ/mol)
        LJ (SR)   Coulomb (SR)   Coul. recip.      Potential    Kinetic En.
    1.70925e+04   -1.78487e+05    5.82869e+02   -1.60812e+05    2.90148e+04
   Total Energy  Conserved En.    Temperature Pressure (bar)
   -1.31797e+05   -1.53827e+05    2.99839e+02   -1.09523e+03


DD  step 85999  vol min/aver 0.856  load imb.: force  2.0%
           Step           Time
          86000       86.00000

   Energies (kJ/mol)
        LJ (SR)   Coulomb (SR)   Coul. recip.      Potential    Kinetic En.
    1.64941e+04   -1.77755e+05    5.49904e+02   -1.60711e+05    2.87168e+04
   Total Energy  Conserved En.    Temperature Pressure (bar)
   -1.31994e+05   -1.53840e+05    2.96759e+02   -1.35427e+03


DD  step 86999  vol min/aver 0.869  load imb.: force  1.0%
           Step           Time
          87000       87.00000

   Energies (kJ/mol)
        LJ (SR)   Coulomb (SR)   Coul. recip.      Potential    Kinetic En.
    1.64581e+04   -1.78124e+05    5.43539e+02   -1.61123e+05    2.92902e+04
   Total Energy  Conserved En.    Temperature Pressure (bar)
   -1.31833e+05   -1.53845e+05    3.02685e+02   -1.46172e+03


DD  step 87999  vol min/aver 0.867  load imb.: force  1.6%
           Step           Time
          88000       88.00000

   Energies (kJ/mol)
        LJ (SR)   Coulomb (SR)   Coul. recip.      Potential    Kinetic En.
    1.68930e+04   -1.77359e+05    5.95636e+02   -1.59871e+05    2.95219e+04
   Total Energy  Conserved En.    Temperature Pressure (bar)
   -1.30349e+05   -1.53818e+05    3.05079e+02   -1.03661e+03


DD  step 88999  vol min/aver 0.851  load imb.: force  1.1%
           Step           Time
          89000       89.00000

   Energies (kJ/mol)
        LJ (SR)   Coulomb (SR)   Coul. recip.      Potential    Kinetic En.
    1.69656e+04   -1.78012e+05    5.50309e+02   -1.60496e+05    2.94408e+04
   Total Energy  Conserved En.    Temperature Pressure (bar)
   -1.31055e+05   -1.53778e+05    3.04241e+02   -1.05779e+03


DD  step 89999  vol min/aver 0.872  load imb.: force  1.4%
           Step           Time
          90000       90.00000

   Energies (kJ/mol)
        LJ (SR)   Coulomb (SR)   Coul. recip.      Potential    Kinetic En.
    1.72064e+04   -1.78304e+05    5.51273e+02   -1.60546e+05    2.92959e+04
   Total Energy  Conserved En.    Temperature Pressure (bar)
   -1.31250e+05   -1.53761e+05    3.02744e+02   -9.44084e+02


DD  step 90999  vol min/aver 0.871  load imb.: force  0.4%
           Step           Time
          91000       91.00000

   Energies (kJ/mol)
        LJ (SR)   Coulomb (SR)   Coul. recip.      Potential    Kinetic En.
    1.73721e+04   -1.78580e+05    5.64455e+02   -1.60643e+05    2.88933e+04
   Total Energy  Conserved En.    Temperature Pressure (bar)
   -1.31750e+05   -1.53743e+05    2.98584e+02   -9.05954e+02


DD  step 91999  vol min/aver 0.855  load imb.: force  1.1%
           Step           Time
          92000       92.00000

   Energies (kJ/mol)
        LJ (SR)   Coulomb (SR)   Coul. recip.      Potential    Kinetic En.
    1.75548e+04   -1.80099e+05    5.73547e+02   -1.61970e+05    2.89439e+04
   Total Energy  Conserved En.    Temperature Pressure (bar)
   -1.33026e+05   -1.53775e+05    2.99106e+02   -1.08784e+03


DD  step 92999  vol min/aver 0.847  load imb.: force  1.1%
           Step           Time
          93000       93.00000

   Energies (kJ/mol)
        LJ (SR)   Coulomb (SR)   Coul. recip.      Potential    Kinetic En.
    1.70932e+04   -1.79433e+05    6.01953e+02   -1.61738e+05    2.85890e+04
   Total Energy  Conserved En.    Temperature Pressure (bar)
   -1.33148e+05   -1.53794e+05    2.95439e+02   -1.25349e+03


DD  step 93999  vol min/aver 0.854  load imb.: force  0.9%
           Step           Time
          94000       94.00000

   Energies (kJ/mol)
        LJ (SR)   Coulomb (SR)   Coul. recip.      Potential    Kinetic En.
    1.70478e+04   -1.79074e+05    5.77855e+02   -1.61449e+05    2.87748e+04
   Total Energy  Conserved En.    Temperature Pressure (bar)
   -1.32674e+05   -1.53858e+05    2.97359e+02   -1.16956e+03


DD  step 94999  vol min/aver 0.867  load imb.: force  1.4%
           Step           Time
          95000       95.00000

   Energies (kJ/mol)
        LJ (SR)   Coulomb (SR)   Coul. recip.      Potential    Kinetic En.
    1.73095e+04   -1.78734e+05    5.29475e+02   -1.60895e+05    2.91881e+04
   Total Energy  Conserved En.    Temperature Pressure (bar)
   -1.31707e+05   -1.53869e+05    3.01630e+02   -9.82024e+02


DD  step 95999  vol min/aver 0.842  load imb.: force  2.1%
           Step           Time
          96000       96.00000

   Energies (kJ/mol)
        LJ (SR)   Coulomb (SR)   Coul. recip.      Potential    Kinetic En.
    1.72925e+04   -1.79027e+05    5.99423e+02   -1.61135e+05    2.92282e+04
   Total Energy  Conserved En.    Temperature Pressure (bar)
   -1.31906e+05   -1.53847e+05    3.02044e+02   -9.79266e+02


DD  step 96999  vol min/aver 0.857  load imb.: force  0.9%
           Step           Time
          97000       97.00000

   Energies (kJ/mol)
        LJ (SR)   Coulomb (SR)   Coul. recip.      Potential    Kinetic En.
    1.72905e+04   -1.78425e+05    5.45975e+02   -1.60588e+05    2.92925e+04
   Total Energy  Conserved En.    Temperature Pressure (bar)
   -1.31296e+05   -1.53762e+05    3.02709e+02   -8.87866e+02


DD  step 97999  vol min/aver 0.842  load imb.: force  0.8%
           Step           Time
          98000       98.00000

   Energies (kJ/mol)
        LJ (SR)   Coulomb (SR)   Coul. recip.      Potential    Kinetic En.
    1.66041e+04   -1.78189e+05    5.60540e+02   -1.61024e+05    2.90811e+04
   Total Energy  Conserved En.    Temperature Pressure (bar)
   -1.31943e+05   -1.53761e+05    3.00525e+02   -1.33581e+03


DD  step 98999  vol min/aver 0.857  load imb.: force  0.8%
           Step           Time
          99000       99.00000

   Energies (kJ/mol)
        LJ (SR)   Coulomb (SR)   Coul. recip.      Potential    Kinetic En.
    1.69904e+04   -1.78800e+05    5.96257e+02   -1.61213e+05    2.87500e+04
   Total Energy  Conserved En.    Temperature Pressure (bar)
   -1.32463e+05   -1.53763e+05    2.97103e+02   -1.23490e+03


DD  step 99999  vol min/aver 0.873  load imb.: force  0.4%
           Step           Time
         100000      100.00000

   Energies (kJ/mol)
        LJ (SR)   Coulomb (SR)   Coul. recip.      Potential    Kinetic En.
    1.67321e+04   -1.79092e+05    5.70659e+02   -1.61789e+05    2.89958e+04
   Total Energy  Conserved En.    Temperature Pressure (bar)
   -1.32793e+05   -1.53804e+05    2.99643e+02   -1.45202e+03


DD  step 100999  vol min/aver 0.849  load imb.: force  0.8%
           Step           Time
         101000      101.00000

   Energies (kJ/mol)
        LJ (SR)   Coulomb (SR)   Coul. recip.      Potential    Kinetic En.
    1.68738e+04   -1.78660e+05    5.46228e+02   -1.61240e+05    2.91082e+04
   Total Energy  Conserved En.    Temperature Pressure (bar)
   -1.32131e+05   -1.53800e+05    3.00805e+02   -1.24511e+03


DD  step 101999  vol min/aver 0.858  load imb.: force  0.5%
           Step           Time
         102000      102.00000

   Energies (kJ/mol)
        LJ (SR)   Coulomb (SR)   Coul. recip.      Potential    Kinetic En.
    1.70810e+04   -1.78043e+05    5.68142e+02   -1.60394e+05    2.92323e+04
   Total Energy  Conserved En.    Temperature Pressure (bar)
   -1.31161e+05   -1.53798e+05    3.02087e+02   -1.01019e+03


DD  step 102999  vol min/aver 0.856  load imb.: force  2.3%
           Step           Time
         103000      103.00000

   Energies (kJ/mol)
        LJ (SR)   Coulomb (SR)   Coul. recip.      Potential    Kinetic En.
    1.73572e+04   -1.79328e+05    5.76605e+02   -1.61394e+05    2.93982e+04
   Total Energy  Conserved En.    Temperature Pressure (bar)
   -1.31996e+05   -1.53767e+05    3.03801e+02   -9.89112e+02


DD  step 103999  vol min/aver 0.846  load imb.: force  1.2%
           Step           Time
         104000      104.00000

   Energies (kJ/mol)
        LJ (SR)   Coulomb (SR)   Coul. recip.      Potential    Kinetic En.
    1.68786e+04   -1.78789e+05    5.69205e+02   -1.61342e+05    2.94986e+04
   Total Energy  Conserved En.    Temperature Pressure (bar)
   -1.31843e+05   -1.53756e+05    3.04839e+02   -1.20239e+03


DD  step 104999  vol min/aver 0.850  load imb.: force  1.5%
           Step           Time
         105000      105.00000

   Energies (kJ/mol)
        LJ (SR)   Coulomb (SR)   Coul. recip.      Potential    Kinetic En.
    1.71187e+04   -1.79003e+05    5.44761e+02   -1.61339e+05    2.93745e+04
   Total Energy  Conserved En.    Temperature Pressure (bar)
   -1.31965e+05   -1.53771e+05    3.03557e+02   -1.15613e+03


DD  step 105999  vol min/aver 0.904  load imb.: force  1.1%
           Step           Time
         106000      106.00000

   Energies (kJ/mol)
        LJ (SR)   Coulomb (SR)   Coul. recip.      Potential    Kinetic En.
    1.74758e+04   -1.78846e+05    5.64278e+02   -1.60806e+05    2.88204e+04
   Total Energy  Conserved En.    Temperature Pressure (bar)
   -1.31986e+05   -1.53745e+05    2.97830e+02   -9.03291e+02


DD  step 106999  vol min/aver 0.852  load imb.: force  1.6%
           Step           Time
         107000      107.00000

   Energies (kJ/mol)
        LJ (SR)   Coulomb (SR)   Coul. recip.      Potential    Kinetic En.
    1.74536e+04   -1.78938e+05    5.91754e+02   -1.60893e+05    2.91681e+04
   Total Energy  Conserved En.    Temperature Pressure (bar)
   -1.31725e+05   -1.53718e+05    3.01424e+02   -8.87150e+02


DD  step 107999  vol min/aver 0.859  load imb.: force  1.4%
           Step           Time
         108000      108.00000

   Energies (kJ/mol)
        LJ (SR)   Coulomb (SR)   Coul. recip.      Potential    Kinetic En.
    1.70634e+04   -1.78501e+05    5.70380e+02   -1.60867e+05    2.89561e+04
   Total Energy  Conserved En.    Temperature Pressure (bar)
   -1.31911e+05   -1.53731e+05    2.99233e+02   -1.14473e+03


DD  step 108999  vol min/aver 0.855  load imb.: force  1.1%
           Step           Time
         109000      109.00000

   Energies (kJ/mol)
        LJ (SR)   Coulomb (SR)   Coul. recip.      Potential    Kinetic En.
    1.67582e+04   -1.78964e+05    5.55809e+02   -1.61650e+05    2.90846e+04
   Total Energy  Conserved En.    Temperature Pressure (bar)
   -1.32565e+05   -1.53765e+05    3.00560e+02   -1.36434e+03


DD  step 109999  vol min/aver 0.870  load imb.: force  1.0%
           Step           Time
         110000      110.00000

   Energies (kJ/mol)
        LJ (SR)   Coulomb (SR)   Coul. recip.      Potential    Kinetic En.
    1.75094e+04   -1.78977e+05    5.66564e+02   -1.60901e+05    2.88637e+04
   Total Energy  Conserved En.    Temperature Pressure (bar)
   -1.32037e+05   -1.53784e+05    2.98278e+02   -9.19658e+02


DD  step 110999  vol min/aver 0.855  load imb.: force  0.7%
           Step           Time
         111000      111.00000

   Energies (kJ/mol)
        LJ (SR)   Coulomb (SR)   Coul. recip.      Potential    Kinetic En.
    1.74898e+04   -1.79140e+05    5.53418e+02   -1.61097e+05    2.91139e+04
   Total Energy  Conserved En.    Temperature Pressure (bar)
   -1.31983e+05   -1.53758e+05    3.00863e+02   -9.30258e+02


DD  step 111999  vol min/aver 0.859  load imb.: force  1.6%
           Step           Time
         112000      112.00000

   Energies (kJ/mol)
        LJ (SR)   Coulomb (SR)   Coul. recip.      Potential    Kinetic En.
    1.73582e+04   -1.79439e+05    5.57800e+02   -1.61523e+05    2.91220e+04
   Total Energy  Conserved En.    Temperature Pressure (bar)
   -1.32401e+05   -1.53757e+05    3.00947e+02   -1.07902e+03


DD  step 112999  vol min/aver 0.868  load imb.: force  0.9%
           Step           Time
         113000      113.00000

   Energies (kJ/mol)
        LJ (SR)   Coulomb (SR)   Coul. recip.      Potential    Kinetic En.
    1.67717e+04   -1.78214e+05    5.16053e+02   -1.60927e+05    2.90321e+04
   Total Energy  Conserved En.    Temperature Pressure (bar)
   -1.31895e+05   -1.53779e+05    3.00018e+02   -1.27848e+03


DD  step 113999  vol min/aver 0.848  load imb.: force  0.5%
           Step           Time
         114000      114.00000

   Energies (kJ/mol)
        LJ (SR)   Coulomb (SR)   Coul. recip.      Potential    Kinetic En.
    1.68269e+04   -1.78629e+05    5.41628e+02   -1.61261e+05    2.87817e+04
   Total Energy  Conserved En.    Temperature Pressure (bar)
   -1.32479e+05   -1.53752e+05    2.97431e+02   -1.26604e+03


DD  step 114999  vol min/aver 0.854  load imb.: force  2.3%
           Step           Time
         115000      115.00000

   Energies (kJ/mol)
        LJ (SR)   Coulomb (SR)   Coul. recip.      Potential    Kinetic En.
    1.73752e+04   -1.78987e+05    5.96451e+02   -1.61015e+05    2.93657e+04
   Total Energy  Conserved En.    Temperature Pressure (bar)
   -1.31650e+05   -1.53710e+05    3.03465e+02   -9.04162e+02


DD  step 115999  vol min/aver 0.860  load imb.: force  2.6%
           Step           Time
         116000      116.00000

   Energies (kJ/mol)
        LJ (SR)   Coulomb (SR)   Coul. recip.      Potential    Kinetic En.
    1.68665e+04   -1.78105e+05    6.13588e+02   -1.60625e+05    2.90114e+04
   Total Energy  Conserved En.    Temperature Pressure (bar)
   -1.31613e+05   -1.53664e+05    2.99805e+02   -1.11422e+03


DD  step 116999  vol min/aver 0.874  load imb.: force  1.7%
           Step           Time
         117000      117.00000

   Energies (kJ/mol)
        LJ (SR)   Coulomb (SR)   Coul. recip.      Potential    Kinetic En.
    1.73192e+04   -1.79681e+05    5.65225e+02   -1.61796e+05    2.90579e+04
   Total Energy  Conserved En.    Temperature Pressure (bar)
   -1.32738e+05   -1.53705e+05    3.00285e+02   -1.11318e+03


DD  step 117999  vol min/aver 0.854  load imb.: force  1.8%
           Step           Time
         118000      118.00000

   Energies (kJ/mol)
        LJ (SR)   Coulomb (SR)   Coul. recip.      Potential    Kinetic En.
    1.68482e+04   -1.78035e+05    5.60452e+02   -1.60626e+05    2.87612e+04
   Total Energy  Conserved En.    Temperature Pressure (bar)
   -1.31865e+05   -1.53709e+05    2.97218e+02   -1.19698e+03


DD  step 118999  vol min/aver 0.868  load imb.: force  0.7%
           Step           Time
         119000      119.00000

   Energies (kJ/mol)
        LJ (SR)   Coulomb (SR)   Coul. recip.      Potential    Kinetic En.
    1.71200e+04   -1.79114e+05    5.63049e+02   -1.61431e+05    2.90919e+04
   Total Energy  Conserved En.    Temperature Pressure (bar)
   -1.32339e+05   -1.53711e+05    3.00636e+02   -1.12009e+03


DD  step 119999  vol min/aver 0.848  load imb.: force  1.8%
           Step           Time
         120000      120.00000

   Energies (kJ/mol)
        LJ (SR)   Coulomb (SR)   Coul. recip.      Potential    Kinetic En.
    1.68920e+04   -1.78717e+05    5.60236e+02   -1.61265e+05    2.92374e+04
   Total Energy  Conserved En.    Temperature Pressure (bar)
   -1.32027e+05   -1.53761e+05    3.02140e+02   -1.20484e+03


DD  step 120999  vol min/aver 0.847  load imb.: force  0.9%
           Step           Time
         121000      121.00000

   Energies (kJ/mol)
        LJ (SR)   Coulomb (SR)   Coul. recip.      Potential    Kinetic En.
    1.63384e+04   -1.76991e+05    5.77598e+02   -1.60075e+05    2.89792e+04
   Total Energy  Conserved En.    Temperature Pressure (bar)
   -1.31096e+05   -1.53788e+05    2.99472e+02   -1.28360e+03


DD  step 121999  vol min/aver 0.860  load imb.: force  1.0%
           Step           Time
         122000      122.00000

   Energies (kJ/mol)
        LJ (SR)   Coulomb (SR)   Coul. recip.      Potential    Kinetic En.
    1.65912e+04   -1.78558e+05    5.79728e+02   -1.61388e+05    2.94234e+04
   Total Energy  Conserved En.    Temperature Pressure (bar)
   -1.31964e+05   -1.53734e+05    3.04062e+02   -1.37707e+03


DD  step 122999  vol min/aver 0.846  load imb.: force  1.2%
           Step           Time
         123000      123.00000

   Energies (kJ/mol)
        LJ (SR)   Coulomb (SR)   Coul. recip.      Potential    Kinetic En.
    1.64775e+04   -1.77854e+05    5.37477e+02   -1.60839e+05    2.91846e+04
   Total Energy  Conserved En.    Temperature Pressure (bar)
   -1.31655e+05   -1.53716e+05    3.01594e+02   -1.30841e+03


DD  step 123999  vol min/aver 0.863  load imb.: force  1.7%
           Step           Time
         124000      124.00000

   Energies (kJ/mol)
        LJ (SR)   Coulomb (SR)   Coul. recip.      Potential    Kinetic En.
    1.69157e+04   -1.78573e+05    5.50477e+02   -1.61107e+05    2.85263e+04
   Total Energy  Conserved En.    Temperature Pressure (bar)
   -1.32581e+05   -1.53702e+05    2.94791e+02   -1.19647e+03


DD  step 124999  vol min/aver 0.858  load imb.: force  1.6%
           Step           Time
         125000      125.00000

Writing checkpoint, step 125000 at Mon Nov 27 22:51:25 2023


   Energies (kJ/mol)
        LJ (SR)   Coulomb (SR)   Coul. recip.      Potential    Kinetic En.
    1.75005e+04   -1.79410e+05    5.77335e+02   -1.61332e+05    2.89152e+04
   Total Energy  Conserved En.    Temperature Pressure (bar)
   -1.32416e+05   -1.53724e+05    2.98810e+02   -9.55235e+02


	<======  ###############  ==>
	<====  A V E R A G E S  ====>
	<==  ###############  ======>

	Statistics over 125001 steps using 1251 frames

   Energies (kJ/mol)
        LJ (SR)   Coulomb (SR)   Coul. recip.      Potential    Kinetic En.
    1.70541e+04   -1.78723e+05    5.70357e+02   -1.61099e+05    2.90338e+04
   Total Energy  Conserved En.    Temperature Pressure (bar)
   -1.32065e+05   -1.53916e+05    3.00036e+02   -1.13362e+03

   Total Virial (kJ/mol)
    1.39574e+04    1.21259e+01    1.34471e+01
    1.19692e+01    1.39125e+04    2.50190e+01
    1.30402e+01    2.49240e+01    1.39642e+04

   Pressure (bar)
   -1.13715e+03   -1.13707e+00   -3.54661e+00
   -1.09545e+00   -1.12494e+03   -6.10820e+00
   -3.43849e+00   -6.08296e+00   -1.13876e+03


	M E G A - F L O P S   A C C O U N T I N G

 NB=Group-cutoff nonbonded kernels    NxN=N-by-N cluster Verlet kernels
 RF=Reaction-Field  VdW=Van der Waals  QSTab=quadratic-spline table
 W3=SPC/TIP3p  W4=TIP4p (single or pairs)
 V&F=Potential and force  V=Potential only  F=Force only

 Computing:                               M-Number         M-Flops  % Flops
-----------------------------------------------------------------------------
 Pair Search distance check            7948.880444       71539.924     0.1
 NxN Ewald Elec. + LJ [F]           1163896.650576    90783938.745    94.1
 NxN Ewald Elec. + LJ [V&F]           11765.951280     1517807.715     1.6
 NxN Ewald Elec. [F]                  10190.206224      621602.580     0.6
 NxN Ewald Elec. [V&F]                  103.004560        8652.383     0.0
 Calc Weights                          4362.409899      157046.756     0.2
 Spread Q Bspline                     93064.744512      186129.489     0.2
 Gather F Bspline                     93064.744512      558388.467     0.6
 3D-FFT                              299631.897036     2397055.176     2.5
 Solve PME                              220.501764       14112.113     0.0
 Reset In Box                            14.552883          43.659     0.0
 CG-CoM                                  14.564516          43.694     0.0
 Virial                                  14.834358         267.018     0.0
 Stop-CM                                 14.564516         145.645     0.0
 Calc-Ekin                              145.435766        3926.766     0.0
 Constraint-V                          1452.398238       11619.186     0.0
 Constraint-Vir                          14.535369         348.849     0.0
 Settle                                 484.136619      156376.128     0.2
-----------------------------------------------------------------------------
 Total                                                96489044.293   100.0
-----------------------------------------------------------------------------


    D O M A I N   D E C O M P O S I T I O N   S T A T I S T I C S

 av. #atoms communicated per step for force:  2 x 16004.0


Dynamic load balancing report:
 DLB was turned on during the run due to measured imbalance.
 Average load imbalance: 1.3%.
 The balanceable part of the MD step is 81%, load imbalance is computed from this.
 Part of the total run time spent waiting due to load imbalance: 1.0%.
 Steps where the load balancing was limited by -rdd, -rcon and/or -dds: X 0 %


     R E A L   C Y C L E   A N D   T I M E   A C C O U N T I N G

On 5 MPI ranks

 Computing:          Num   Num      Call    Wall time         Giga-Cycles
                     Ranks Threads  Count      (s)         total sum    %
-----------------------------------------------------------------------------
 Domain decomp.         5    1       1251       1.050         15.184   0.2
 DD comm. load          5    1       1250       0.002          0.033   0.0
 DD comm. bounds        5    1       1249       0.033          0.471   0.0
 Neighbor search        5    1       1251       5.190         75.075   0.9
 Comm. coord.           5    1     123750       3.348         48.434   0.6
 Force                  5    1     125001     446.460       6458.421  79.3
 Wait + Comm. F         5    1     125001       3.078         44.521   0.5
 PME mesh               5    1     125001      94.532       1367.480  16.8
 NB X/F buffer ops.     5    1     372501       3.297         47.689   0.6
 Write traj.            5    1         26       0.052          0.753   0.0
 Update                 5    1     125001       1.111         16.074   0.2
 Constraints            5    1     125003       3.870         55.984   0.7
 Comm. energies         5    1       6251       0.300          4.333   0.1
 Rest                                           0.556          8.047   0.1
-----------------------------------------------------------------------------
 Total                                        562.878       8142.499 100.0
-----------------------------------------------------------------------------
 Breakdown of PME mesh computation
-----------------------------------------------------------------------------
 PME redist. X/F        5    1     250002      12.450        180.101   2.2
 PME spread             5    1     125001      17.963        259.852   3.2
 PME gather             5    1     125001      27.557        398.631   4.9
 PME 3D-FFT             5    1     250002      24.719        357.580   4.4
 PME 3D-FFT Comm.       5    1     250002       9.792        141.643   1.7
 PME solve Elec         5    1     125001       1.902         27.520   0.3
-----------------------------------------------------------------------------

               Core t (s)   Wall t (s)        (%)
       Time:     2814.388      562.878      500.0
                 (ns/day)    (hour/ns)
Performance:       19.187        1.251
Finished mdrun on rank 0 Mon Nov 27 22:51:25 2023

