Lmod has detected the following error: Your site prevents the automatic
swapping of modules with same name. You must explicitly unload the loaded
version of "gromacs/openmpi/intel/2023.3" before you can load the new one. Use
swap to do this:

   $ module swap gromacs/openmpi/intel/2023.3 gromacs/openmpi/intel/2020.4

Alternatively, you can set the environment variable
LMOD_DISABLE_SAME_NAME_AUTOSWAP to "no" to re-enable same name autoswapping.



                      :-) GROMACS - gmx trjcat, 2023.3 (-:

Executable:   /ext3/apps/gromacs/2023.3/openmpi/intel/bin/gmx_mpi
Data prefix:  /ext3/apps/gromacs/2023.3/openmpi/intel
Working dir:  /home/hv454/comp-lab-class-2023/Week4/Setup/2jof_amber/gromacs
Command line:
  gmx_mpi trjcat -f step5_1.gro step5_2.gro step5_3.gro step5_4.gro step5_5.gro step5_6.gro step5_7.gro step5_8.gro step5_9.gro -o combined.gro


-------------------------------------------------------
Program:     gmx trjcat, version 2023.3
Source file: src/gromacs/tools/trjcat.cpp (line 583)

Fatal error:
gmx trjcat can only handle binary trajectory formats (trr, xtc, tng)

For more information and tips for troubleshooting, please check the GROMACS
website at http://www.gromacs.org/Documentation/Errors
-------------------------------------------------------
Note that major changes are planned in future for trjcat, to improve usability and utility.--------------------------------------------------------------------------
MPI_ABORT was invoked on rank 0 in communicator MPI_COMM_WORLD
with errorcode 1.

NOTE: invoking MPI_ABORT causes Open MPI to kill all MPI processes.
You may or may not see output from other processes, depending on
exactly when Open MPI kills them.
--------------------------------------------------------------------------
