Lmod has detected the following error: Your site prevents the automatic
swapping of modules with same name. You must explicitly unload the loaded
version of "gromacs/openmpi/intel/2023.3" before you can load the new one. Use
swap to do this:

   $ module swap gromacs/openmpi/intel/2023.3 gromacs/openmpi/intel/2020.4

Alternatively, you can set the environment variable
LMOD_DISABLE_SAME_NAME_AUTOSWAP to "no" to re-enable same name autoswapping.



                      :-) GROMACS - gmx trjcat, 2023.3 (-:

Executable:   /ext3/apps/gromacs/2023.3/openmpi/intel/bin/gmx_mpi
Data prefix:  /ext3/apps/gromacs/2023.3/openmpi/intel
Working dir:  /home/hv454/comp-lab-class-2023/Week4/Setup/2jof_amber/gromacs
Command line:
  gmx_mpi trjcat -f step5_1.tpr step5_2.tpr step5_3.tpr step5_4.tpr step5_5.tpr step5_6.tpr step5_7.tpr step5_8.tpr step5_9.tpr -o combined.tpr


-------------------------------------------------------
Program:     gmx trjcat, version 2023.3
Source file: src/gromacs/commandline/cmdlineparser.cpp (line 271)
Function:    void gmx::CommandLineParser::parse(int *, char **)

Error in user input:
Invalid command-line options
  In command-line option -f
    File name 'step5_1.tpr' cannot be used for this option.
    Only the following extensions are possible:
      .xtc, .trr, .cpt, .gro, .g96, .pdb, .tng
  In command-line option -f
    File name 'step5_2.tpr' cannot be used for this option.
    Only the following extensions are possible:
      .xtc, .trr, .cpt, .gro, .g96, .pdb, .tng
  In command-line option -f
    File name 'step5_3.tpr' cannot be used for this option.
    Only the following extensions are possible:
      .xtc, .trr, .cpt, .gro, .g96, .pdb, .tng
  In command-line option -f
    File name 'step5_4.tpr' cannot be used for this option.
    Only the following extensions are possible:
      .xtc, .trr, .cpt, .gro, .g96, .pdb, .tng
  In command-line option -f
    File name 'step5_5.tpr' cannot be used for this option.
    Only the following extensions are possible:
      .xtc, .trr, .cpt, .gro, .g96, .pdb, .tng
  In command-line option -f
    File name 'step5_6.tpr' cannot be used for this option.
    Only the following extensions are possible:
      .xtc, .trr, .cpt, .gro, .g96, .pdb, .tng
  In command-line option -f
    File name 'step5_7.tpr' cannot be used for this option.
    Only the following extensions are possible:
      .xtc, .trr, .cpt, .gro, .g96, .pdb, .tng
  In command-line option -f
    File name 'step5_8.tpr' cannot be used for this option.
    Only the following extensions are possible:
      .xtc, .trr, .cpt, .gro, .g96, .pdb, .tng
  In command-line option -f
    File name 'step5_9.tpr' cannot be used for this option.
    Only the following extensions are possible:
      .xtc, .trr, .cpt, .gro, .g96, .pdb, .tng
  In command-line option -o
    File name 'combined.tpr' cannot be used for this option.
    Only the following extensions are possible:
      .xtc, .trr, .gro, .g96, .pdb, .tng

For more information and tips for troubleshooting, please check the GROMACS
website at http://www.gromacs.org/Documentation/Errors
-------------------------------------------------------
--------------------------------------------------------------------------
MPI_ABORT was invoked on rank 0 in communicator MPI_COMM_WORLD
with errorcode 1.

NOTE: invoking MPI_ABORT causes Open MPI to kill all MPI processes.
You may or may not see output from other processes, depending on
exactly when Open MPI kills them.
--------------------------------------------------------------------------
